<?xml version="1.0" encoding="utf-8"?>
<CoverageSession xmlns:xsd="http://www.w3.org/2001/XMLSchema" xmlns:xsi="http://www.w3.org/2001/XMLSchema-instance" Version="0.0.0.0">
  <Summary numSequencePoints="365" visitedSequencePoints="231" numBranchPoints="0" visitedBranchPoints="0" sequenceCoverage="63.29" branchCoverage="0.0" maxCyclomaticComplexity="0" minCyclomaticComplexity="0" maxCrapScore="0" minCrapScore="0" visitedClasses="13" numClasses="26" visitedMethods="38" numMethods="66" />
  <Modules>
    <Module>
      <Summary numSequencePoints="38" visitedSequencePoints="0" numBranchPoints="0" visitedBranchPoints="0" sequenceCoverage="0.0" branchCoverage="0.0" maxCyclomaticComplexity="0" minCyclomaticComplexity="0" maxCrapScore="0" minCrapScore="0" visitedClasses="0" numClasses="4" visitedMethods="0" numMethods="10" />
      <ModuleTime>0001-01-01T00:00:00</ModuleTime>
      <ModuleName>Gameplay.View</ModuleName>
      <Files>
        <File uid="1" fullPath="/Volumes/Transcend/Projects/ThirdParty/UnknownSpace/UnityClient/Assets/Scripts/Gameplay/View/EnemyView.cs" />
        <File uid="2" fullPath="/Volumes/Transcend/Projects/ThirdParty/UnknownSpace/UnityClient/Assets/Scripts/Gameplay/View/PlayerView.cs" />
        <File uid="3" fullPath="/Volumes/Transcend/Projects/ThirdParty/UnknownSpace/UnityClient/Assets/Scripts/Gameplay/View/PositionView.cs" />
        <File uid="4" fullPath="/Volumes/Transcend/Projects/ThirdParty/UnknownSpace/UnityClient/Assets/Scripts/Gameplay/View/ProjectileView.cs" />
      </Files>
      <Classes>
        <Class>
          <Summary numSequencePoints="13" visitedSequencePoints="0" numBranchPoints="0" visitedBranchPoints="0" sequenceCoverage="0.0" branchCoverage="0.0" maxCyclomaticComplexity="0" minCyclomaticComplexity="0" maxCrapScore="0" minCrapScore="0" visitedClasses="0" numClasses="1" visitedMethods="0" numMethods="3" />
          <FullName>UnknownSpace.Gameplay.View.EnemyView</FullName>
          <Methods>
            <Method visited="false" cyclomaticComplexity="0" nPathComplexity="0" sequenceCoverage="0.0" branchCoverage="0" crapScore="0" isConstructor="false" isStatic="false" isGetter="false" isSetter="false">
              <Summary numSequencePoints="4" visitedSequencePoints="0" numBranchPoints="0" visitedBranchPoints="0" sequenceCoverage="0.0" branchCoverage="0" maxCyclomaticComplexity="0" minCyclomaticComplexity="0" maxCrapScore="0" minCrapScore="0" visitedClasses="0" numClasses="0" visitedMethods="0" numMethods="1" />
              <MetadataToken>100663297</MetadataToken>
              <Name>System.Void UnknownSpace.Gameplay.View.EnemyView::Init(Leopotam.Ecs.EcsEntity)</Name>
              <FileRef uid="1" />
              <SequencePoints>
                <SequencePoint vc="0" uspid="366" ordinal="0" offset="0" sl="13" sc="38" el="13" ec="38" bec="0" bev="0" fileid="1" />
                <SequencePoint vc="0" uspid="367" ordinal="0" offset="1" sl="14" sc="4" el="14" ec="4" bec="0" bev="0" fileid="1" />
                <SequencePoint vc="0" uspid="368" ordinal="0" offset="8" sl="15" sc="4" el="15" ec="4" bec="0" bev="0" fileid="1" />
                <SequencePoint vc="0" uspid="369" ordinal="0" offset="21" sl="16" sc="3" el="16" ec="3" bec="0" bev="0" fileid="1" />
              </SequencePoints>
              <BranchPoints />
            </Method>
            <Method visited="false" cyclomaticComplexity="0" nPathComplexity="0" sequenceCoverage="0.0" branchCoverage="0" crapScore="0" isConstructor="false" isStatic="false" isGetter="false" isSetter="false">
              <Summary numSequencePoints="3" visitedSequencePoints="0" numBranchPoints="0" visitedBranchPoints="0" sequenceCoverage="0.0" branchCoverage="0" maxCyclomaticComplexity="0" minCyclomaticComplexity="0" maxCrapScore="0" minCrapScore="0" visitedClasses="0" numClasses="0" visitedMethods="0" numMethods="1" />
              <MetadataToken>100663298</MetadataToken>
              <Name>System.Void UnknownSpace.Gameplay.View.EnemyView::Reset()</Name>
              <FileRef uid="1" />
              <SequencePoints>
                <SequencePoint vc="0" uspid="370" ordinal="0" offset="0" sl="18" sc="0" el="18" ec="0" bec="0" bev="0" fileid="1" />
                <SequencePoint vc="0" uspid="371" ordinal="0" offset="1" sl="19" sc="0" el="19" ec="0" bec="0" bev="0" fileid="1" />
                <SequencePoint vc="0" uspid="372" ordinal="0" offset="13" sl="20" sc="0" el="20" ec="0" bec="0" bev="0" fileid="1" />
              </SequencePoints>
              <BranchPoints />
            </Method>
            <Method visited="false" cyclomaticComplexity="0" nPathComplexity="0" sequenceCoverage="0.0" branchCoverage="0" crapScore="0" isConstructor="false" isStatic="false" isGetter="false" isSetter="false">
              <Summary numSequencePoints="6" visitedSequencePoints="0" numBranchPoints="0" visitedBranchPoints="0" sequenceCoverage="0.0" branchCoverage="0" maxCyclomaticComplexity="0" minCyclomaticComplexity="0" maxCrapScore="0" minCrapScore="0" visitedClasses="0" numClasses="0" visitedMethods="0" numMethods="1" />
              <MetadataToken>100663299</MetadataToken>
              <Name>System.Void UnknownSpace.Gameplay.View.EnemyView::Update()</Name>
              <FileRef uid="1" />
              <SequencePoints>
                <SequencePoint vc="0" uspid="373" ordinal="0" offset="0" sl="22" sc="17" el="22" ec="17" bec="0" bev="0" fileid="1" />
                <SequencePoint vc="0" uspid="374" ordinal="0" offset="1" sl="23" sc="4" el="23" ec="4" bec="0" bev="0" fileid="1" />
                <SequencePoint vc="0" uspid="375" ordinal="0" offset="19" sl="23" sc="30" el="23" ec="30" bec="0" bev="0" fileid="1" />
                <SequencePoint vc="0" uspid="376" ordinal="0" offset="20" sl="24" sc="5" el="24" ec="5" bec="0" bev="0" fileid="1" />
                <SequencePoint vc="0" uspid="377" ordinal="0" offset="32" sl="25" sc="4" el="25" ec="4" bec="0" bev="0" fileid="1" />
                <SequencePoint vc="0" uspid="378" ordinal="0" offset="33" sl="26" sc="3" el="26" ec="3" bec="0" bev="0" fileid="1" />
              </SequencePoints>
              <BranchPoints />
            </Method>
          </Methods>
        </Class>
        <Class>
          <Summary numSequencePoints="6" visitedSequencePoints="0" numBranchPoints="0" visitedBranchPoints="0" sequenceCoverage="0.0" branchCoverage="0.0" maxCyclomaticComplexity="0" minCyclomaticComplexity="0" maxCrapScore="0" minCrapScore="0" visitedClasses="0" numClasses="1" visitedMethods="0" numMethods="2" />
          <FullName>UnknownSpace.Gameplay.View.PlayerView</FullName>
          <Methods>
            <Method visited="false" cyclomaticComplexity="0" nPathComplexity="0" sequenceCoverage="0.0" branchCoverage="0" crapScore="0" isConstructor="false" isStatic="false" isGetter="false" isSetter="false">
              <Summary numSequencePoints="3" visitedSequencePoints="0" numBranchPoints="0" visitedBranchPoints="0" sequenceCoverage="0.0" branchCoverage="0" maxCyclomaticComplexity="0" minCyclomaticComplexity="0" maxCrapScore="0" minCrapScore="0" visitedClasses="0" numClasses="0" visitedMethods="0" numMethods="1" />
              <MetadataToken>100663301</MetadataToken>
              <Name>System.Void UnknownSpace.Gameplay.View.PlayerView::Reset()</Name>
              <FileRef uid="2" />
              <SequencePoints>
                <SequencePoint vc="0" uspid="379" ordinal="0" offset="0" sl="9" sc="0" el="9" ec="0" bec="0" bev="0" fileid="2" />
                <SequencePoint vc="0" uspid="380" ordinal="0" offset="1" sl="10" sc="0" el="10" ec="0" bec="0" bev="0" fileid="2" />
                <SequencePoint vc="0" uspid="381" ordinal="0" offset="13" sl="11" sc="0" el="11" ec="0" bec="0" bev="0" fileid="2" />
              </SequencePoints>
              <BranchPoints />
            </Method>
            <Method visited="false" cyclomaticComplexity="0" nPathComplexity="0" sequenceCoverage="0.0" branchCoverage="0" crapScore="0" isConstructor="false" isStatic="false" isGetter="false" isSetter="false">
              <Summary numSequencePoints="3" visitedSequencePoints="0" numBranchPoints="0" visitedBranchPoints="0" sequenceCoverage="0.0" branchCoverage="0" maxCyclomaticComplexity="0" minCyclomaticComplexity="0" maxCrapScore="0" minCrapScore="0" visitedClasses="0" numClasses="0" visitedMethods="0" numMethods="1" />
              <MetadataToken>100663302</MetadataToken>
              <Name>System.Void UnknownSpace.Gameplay.View.PlayerView::Init(Leopotam.Ecs.EcsEntity)</Name>
              <FileRef uid="2" />
              <SequencePoints>
                <SequencePoint vc="0" uspid="382" ordinal="0" offset="0" sl="13" sc="38" el="13" ec="38" bec="0" bev="0" fileid="2" />
                <SequencePoint vc="0" uspid="383" ordinal="0" offset="1" sl="14" sc="4" el="14" ec="4" bec="0" bev="0" fileid="2" />
                <SequencePoint vc="0" uspid="384" ordinal="0" offset="14" sl="15" sc="3" el="15" ec="3" bec="0" bev="0" fileid="2" />
              </SequencePoints>
              <BranchPoints />
            </Method>
          </Methods>
        </Class>
        <Class>
          <Summary numSequencePoints="6" visitedSequencePoints="0" numBranchPoints="0" visitedBranchPoints="0" sequenceCoverage="0.0" branchCoverage="0.0" maxCyclomaticComplexity="0" minCyclomaticComplexity="0" maxCrapScore="0" minCrapScore="0" visitedClasses="0" numClasses="1" visitedMethods="0" numMethods="2" />
          <FullName>UnknownSpace.Gameplay.View.PositionView</FullName>
          <Methods>
            <Method visited="false" cyclomaticComplexity="0" nPathComplexity="0" sequenceCoverage="0.0" branchCoverage="0" crapScore="0" isConstructor="false" isStatic="false" isGetter="false" isSetter="false">
              <Summary numSequencePoints="3" visitedSequencePoints="0" numBranchPoints="0" visitedBranchPoints="0" sequenceCoverage="0.0" branchCoverage="0" maxCyclomaticComplexity="0" minCyclomaticComplexity="0" maxCrapScore="0" minCrapScore="0" visitedClasses="0" numClasses="0" visitedMethods="0" numMethods="1" />
              <MetadataToken>100663304</MetadataToken>
              <Name>System.Void UnknownSpace.Gameplay.View.PositionView::Init(Leopotam.Ecs.EcsEntity)</Name>
              <FileRef uid="3" />
              <SequencePoints>
                <SequencePoint vc="0" uspid="385" ordinal="0" offset="0" sl="9" sc="38" el="9" ec="38" bec="0" bev="0" fileid="3" />
                <SequencePoint vc="0" uspid="386" ordinal="0" offset="1" sl="10" sc="4" el="10" ec="4" bec="0" bev="0" fileid="3" />
                <SequencePoint vc="0" uspid="387" ordinal="0" offset="8" sl="11" sc="3" el="11" ec="3" bec="0" bev="0" fileid="3" />
              </SequencePoints>
              <BranchPoints />
            </Method>
            <Method visited="false" cyclomaticComplexity="0" nPathComplexity="0" sequenceCoverage="0.0" branchCoverage="0" crapScore="0" isConstructor="false" isStatic="false" isGetter="false" isSetter="false">
              <Summary numSequencePoints="3" visitedSequencePoints="0" numBranchPoints="0" visitedBranchPoints="0" sequenceCoverage="0.0" branchCoverage="0" maxCyclomaticComplexity="0" minCyclomaticComplexity="0" maxCrapScore="0" minCrapScore="0" visitedClasses="0" numClasses="0" visitedMethods="0" numMethods="1" />
              <MetadataToken>100663305</MetadataToken>
              <Name>System.Void UnknownSpace.Gameplay.View.PositionView::Update()</Name>
              <FileRef uid="3" />
              <SequencePoints>
                <SequencePoint vc="0" uspid="388" ordinal="0" offset="0" sl="13" sc="17" el="13" ec="17" bec="0" bev="0" fileid="3" />
                <SequencePoint vc="0" uspid="389" ordinal="0" offset="1" sl="14" sc="4" el="14" ec="4" bec="0" bev="0" fileid="3" />
                <SequencePoint vc="0" uspid="390" ordinal="0" offset="34" sl="15" sc="3" el="15" ec="3" bec="0" bev="0" fileid="3" />
              </SequencePoints>
              <BranchPoints />
            </Method>
          </Methods>
        </Class>
        <Class>
          <Summary numSequencePoints="13" visitedSequencePoints="0" numBranchPoints="0" visitedBranchPoints="0" sequenceCoverage="0.0" branchCoverage="0.0" maxCyclomaticComplexity="0" minCyclomaticComplexity="0" maxCrapScore="0" minCrapScore="0" visitedClasses="0" numClasses="1" visitedMethods="0" numMethods="3" />
          <FullName>UnknownSpace.Gameplay.View.ProjectileView</FullName>
          <Methods>
            <Method visited="false" cyclomaticComplexity="0" nPathComplexity="0" sequenceCoverage="0.0" branchCoverage="0" crapScore="0" isConstructor="false" isStatic="false" isGetter="false" isSetter="false">
              <Summary numSequencePoints="4" visitedSequencePoints="0" numBranchPoints="0" visitedBranchPoints="0" sequenceCoverage="0.0" branchCoverage="0" maxCyclomaticComplexity="0" minCyclomaticComplexity="0" maxCrapScore="0" minCrapScore="0" visitedClasses="0" numClasses="0" visitedMethods="0" numMethods="1" />
              <MetadataToken>100663307</MetadataToken>
              <Name>System.Void UnknownSpace.Gameplay.View.ProjectileView::Init(Leopotam.Ecs.EcsEntity)</Name>
              <FileRef uid="4" />
              <SequencePoints>
                <SequencePoint vc="0" uspid="391" ordinal="0" offset="0" sl="13" sc="38" el="13" ec="38" bec="0" bev="0" fileid="4" />
                <SequencePoint vc="0" uspid="392" ordinal="0" offset="1" sl="14" sc="4" el="14" ec="4" bec="0" bev="0" fileid="4" />
                <SequencePoint vc="0" uspid="393" ordinal="0" offset="8" sl="15" sc="4" el="15" ec="4" bec="0" bev="0" fileid="4" />
                <SequencePoint vc="0" uspid="394" ordinal="0" offset="21" sl="16" sc="3" el="16" ec="3" bec="0" bev="0" fileid="4" />
              </SequencePoints>
              <BranchPoints />
            </Method>
            <Method visited="false" cyclomaticComplexity="0" nPathComplexity="0" sequenceCoverage="0.0" branchCoverage="0" crapScore="0" isConstructor="false" isStatic="false" isGetter="false" isSetter="false">
              <Summary numSequencePoints="3" visitedSequencePoints="0" numBranchPoints="0" visitedBranchPoints="0" sequenceCoverage="0.0" branchCoverage="0" maxCyclomaticComplexity="0" minCyclomaticComplexity="0" maxCrapScore="0" minCrapScore="0" visitedClasses="0" numClasses="0" visitedMethods="0" numMethods="1" />
              <MetadataToken>100663308</MetadataToken>
              <Name>System.Void UnknownSpace.Gameplay.View.ProjectileView::Reset()</Name>
              <FileRef uid="4" />
              <SequencePoints>
                <SequencePoint vc="0" uspid="395" ordinal="0" offset="0" sl="18" sc="0" el="18" ec="0" bec="0" bev="0" fileid="4" />
                <SequencePoint vc="0" uspid="396" ordinal="0" offset="1" sl="19" sc="0" el="19" ec="0" bec="0" bev="0" fileid="4" />
                <SequencePoint vc="0" uspid="397" ordinal="0" offset="13" sl="20" sc="0" el="20" ec="0" bec="0" bev="0" fileid="4" />
              </SequencePoints>
              <BranchPoints />
            </Method>
            <Method visited="false" cyclomaticComplexity="0" nPathComplexity="0" sequenceCoverage="0.0" branchCoverage="0" crapScore="0" isConstructor="false" isStatic="false" isGetter="false" isSetter="false">
              <Summary numSequencePoints="6" visitedSequencePoints="0" numBranchPoints="0" visitedBranchPoints="0" sequenceCoverage="0.0" branchCoverage="0" maxCyclomaticComplexity="0" minCyclomaticComplexity="0" maxCrapScore="0" minCrapScore="0" visitedClasses="0" numClasses="0" visitedMethods="0" numMethods="1" />
              <MetadataToken>100663309</MetadataToken>
              <Name>System.Void UnknownSpace.Gameplay.View.ProjectileView::Update()</Name>
              <FileRef uid="4" />
              <SequencePoints>
                <SequencePoint vc="0" uspid="398" ordinal="0" offset="0" sl="22" sc="17" el="22" ec="17" bec="0" bev="0" fileid="4" />
                <SequencePoint vc="0" uspid="399" ordinal="0" offset="1" sl="23" sc="4" el="23" ec="4" bec="0" bev="0" fileid="4" />
                <SequencePoint vc="0" uspid="400" ordinal="0" offset="19" sl="23" sc="30" el="23" ec="30" bec="0" bev="0" fileid="4" />
                <SequencePoint vc="0" uspid="401" ordinal="0" offset="20" sl="24" sc="5" el="24" ec="5" bec="0" bev="0" fileid="4" />
                <SequencePoint vc="0" uspid="402" ordinal="0" offset="32" sl="25" sc="4" el="25" ec="4" bec="0" bev="0" fileid="4" />
                <SequencePoint vc="0" uspid="403" ordinal="0" offset="33" sl="26" sc="3" el="26" ec="3" bec="0" bev="0" fileid="4" />
              </SequencePoints>
              <BranchPoints />
            </Method>
          </Methods>
        </Class>
      </Classes>
    </Module>
    <Module>
      <Summary numSequencePoints="63" visitedSequencePoints="0" numBranchPoints="0" visitedBranchPoints="0" sequenceCoverage="0.0" branchCoverage="0.0" maxCyclomaticComplexity="0" minCyclomaticComplexity="0" maxCrapScore="0" minCrapScore="0" visitedClasses="0" numClasses="6" visitedMethods="0" numMethods="10" />
      <ModuleTime>0001-01-01T00:00:00</ModuleTime>
      <ModuleName>Gameplay.Startup</ModuleName>
      <Files>
        <File uid="5" fullPath="/Volumes/Transcend/Projects/ThirdParty/UnknownSpace/UnityClient/Assets/Scripts/Gameplay/Startup/GameEcsStartup.cs" />
        <File uid="6" fullPath="/Volumes/Transcend/Projects/ThirdParty/UnknownSpace/UnityClient/Assets/Scripts/Gameplay/Startup/GameplayLifetimeScope.cs" />
        <File uid="7" fullPath="/Volumes/Transcend/Projects/ThirdParty/UnknownSpace/UnityClient/Assets/Scripts/Gameplay/Startup/PlayerInitializer.cs" />
      </Files>
      <Classes>
        <Class>
          <Summary numSequencePoints="29" visitedSequencePoints="0" numBranchPoints="0" visitedBranchPoints="0" sequenceCoverage="0.0" branchCoverage="0.0" maxCyclomaticComplexity="0" minCyclomaticComplexity="0" maxCrapScore="0" minCrapScore="0" visitedClasses="0" numClasses="1" visitedMethods="0" numMethods="4" />
          <FullName>UnknownSpace.Gameplay.Startup.GameEcsStartup</FullName>
          <Methods>
            <Method visited="false" cyclomaticComplexity="0" nPathComplexity="0" sequenceCoverage="0.0" branchCoverage="0" crapScore="0" isConstructor="false" isStatic="false" isGetter="false" isSetter="false">
              <Summary numSequencePoints="7" visitedSequencePoints="0" numBranchPoints="0" visitedBranchPoints="0" sequenceCoverage="0.0" branchCoverage="0" maxCyclomaticComplexity="0" minCyclomaticComplexity="0" maxCrapScore="0" minCrapScore="0" visitedClasses="0" numClasses="0" visitedMethods="0" numMethods="1" />
              <MetadataToken>100663297</MetadataToken>
              <Name>System.Void UnknownSpace.Gameplay.Startup.GameEcsStartup::Init(UnknownSpace.Gameplay.Config.GameplaySettings, UnknownSpace.Gameplay.View.PlayerView, UnknownSpace.Gameplay.Input.InputProvider, UnknownSpace.Gameplay.Camera.CameraRectProvider, System.Func[EntityType,EcsEntity,GameObject])</Name>
              <FileRef uid="5" />
              <SequencePoints>
                <SequencePoint vc="0" uspid="404" ordinal="0" offset="0" sl="26" sc="58" el="26" ec="58" bec="0" bev="0" fileid="5" />
                <SequencePoint vc="0" uspid="405" ordinal="0" offset="1" sl="27" sc="4" el="27" ec="4" bec="0" bev="0" fileid="5" />
                <SequencePoint vc="0" uspid="406" ordinal="0" offset="8" sl="28" sc="4" el="28" ec="4" bec="0" bev="0" fileid="5" />
                <SequencePoint vc="0" uspid="407" ordinal="0" offset="15" sl="29" sc="4" el="29" ec="4" bec="0" bev="0" fileid="5" />
                <SequencePoint vc="0" uspid="408" ordinal="0" offset="22" sl="30" sc="4" el="30" ec="4" bec="0" bev="0" fileid="5" />
                <SequencePoint vc="0" uspid="409" ordinal="0" offset="30" sl="31" sc="4" el="31" ec="4" bec="0" bev="0" fileid="5" />
                <SequencePoint vc="0" uspid="410" ordinal="0" offset="38" sl="32" sc="3" el="32" ec="3" bec="0" bev="0" fileid="5" />
              </SequencePoints>
              <BranchPoints />
            </Method>
            <Method visited="false" cyclomaticComplexity="0" nPathComplexity="0" sequenceCoverage="0.0" branchCoverage="0" crapScore="0" isConstructor="false" isStatic="false" isGetter="false" isSetter="false">
              <Summary numSequencePoints="10" visitedSequencePoints="0" numBranchPoints="0" visitedBranchPoints="0" sequenceCoverage="0.0" branchCoverage="0" maxCyclomaticComplexity="0" minCyclomaticComplexity="0" maxCrapScore="0" minCrapScore="0" visitedClasses="0" numClasses="0" visitedMethods="0" numMethods="1" />
              <MetadataToken>100663298</MetadataToken>
              <Name>System.Void UnknownSpace.Gameplay.Startup.GameEcsStartup::Start()</Name>
              <FileRef uid="5" />
              <SequencePoints>
                <SequencePoint vc="0" uspid="411" ordinal="0" offset="0" sl="34" sc="16" el="34" ec="16" bec="0" bev="0" fileid="5" />
                <SequencePoint vc="0" uspid="412" ordinal="0" offset="1" sl="35" sc="4" el="35" ec="4" bec="0" bev="0" fileid="5" />
                <SequencePoint vc="0" uspid="413" ordinal="0" offset="21" sl="36" sc="4" el="36" ec="4" bec="0" bev="0" fileid="5" />
                <SequencePoint vc="0" uspid="414" ordinal="0" offset="39" sl="38" sc="4" el="38" ec="4" bec="0" bev="0" fileid="5" />
                <SequencePoint vc="0" uspid="415" ordinal="0" offset="52" sl="39" sc="4" el="39" ec="4" bec="0" bev="0" fileid="5" />
                <SequencePoint vc="0" uspid="416" ordinal="0" offset="64" sl="41" sc="4" el="41" ec="4" bec="0" bev="0" fileid="5" />
                <SequencePoint vc="0" uspid="417" ordinal="0" offset="76" sl="42" sc="4" el="42" ec="4" bec="0" bev="0" fileid="5" />
                <SequencePoint vc="0" uspid="418" ordinal="0" offset="89" sl="43" sc="4" el="43" ec="4" bec="0" bev="0" fileid="5" />
                <SequencePoint vc="0" uspid="419" ordinal="0" offset="102" sl="45" sc="4" el="45" ec="4" bec="0" bev="0" fileid="5" />
                <SequencePoint vc="0" uspid="420" ordinal="0" offset="399" sl="64" sc="3" el="64" ec="3" bec="0" bev="0" fileid="5" />
              </SequencePoints>
              <BranchPoints />
            </Method>
            <Method visited="false" cyclomaticComplexity="0" nPathComplexity="0" sequenceCoverage="0.0" branchCoverage="0" crapScore="0" isConstructor="false" isStatic="false" isGetter="false" isSetter="false">
              <Summary numSequencePoints="3" visitedSequencePoints="0" numBranchPoints="0" visitedBranchPoints="0" sequenceCoverage="0.0" branchCoverage="0" maxCyclomaticComplexity="0" minCyclomaticComplexity="0" maxCrapScore="0" minCrapScore="0" visitedClasses="0" numClasses="0" visitedMethods="0" numMethods="1" />
              <MetadataToken>100663299</MetadataToken>
              <Name>System.Void UnknownSpace.Gameplay.Startup.GameEcsStartup::Update()</Name>
              <FileRef uid="5" />
              <SequencePoints>
                <SequencePoint vc="0" uspid="421" ordinal="0" offset="0" sl="66" sc="17" el="66" ec="17" bec="0" bev="0" fileid="5" />
                <SequencePoint vc="0" uspid="422" ordinal="0" offset="1" sl="67" sc="4" el="67" ec="4" bec="0" bev="0" fileid="5" />
                <SequencePoint vc="0" uspid="423" ordinal="0" offset="19" sl="68" sc="3" el="68" ec="3" bec="0" bev="0" fileid="5" />
              </SequencePoints>
              <BranchPoints />
            </Method>
            <Method visited="false" cyclomaticComplexity="0" nPathComplexity="0" sequenceCoverage="0.0" branchCoverage="0" crapScore="0" isConstructor="false" isStatic="false" isGetter="false" isSetter="false">
              <Summary numSequencePoints="9" visitedSequencePoints="0" numBranchPoints="0" visitedBranchPoints="0" sequenceCoverage="0.0" branchCoverage="0" maxCyclomaticComplexity="0" minCyclomaticComplexity="0" maxCrapScore="0" minCrapScore="0" visitedClasses="0" numClasses="0" visitedMethods="0" numMethods="1" />
              <MetadataToken>100663300</MetadataToken>
              <Name>System.Void UnknownSpace.Gameplay.Startup.GameEcsStartup::OnDestroy()</Name>
              <FileRef uid="5" />
              <SequencePoints>
                <SequencePoint vc="0" uspid="424" ordinal="0" offset="0" sl="70" sc="20" el="70" ec="20" bec="0" bev="0" fileid="5" />
                <SequencePoint vc="0" uspid="425" ordinal="0" offset="1" sl="71" sc="4" el="71" ec="4" bec="0" bev="0" fileid="5" />
                <SequencePoint vc="0" uspid="426" ordinal="0" offset="14" sl="71" sc="28" el="71" ec="28" bec="0" bev="0" fileid="5" />
                <SequencePoint vc="0" uspid="427" ordinal="0" offset="15" sl="72" sc="5" el="72" ec="5" bec="0" bev="0" fileid="5" />
                <SequencePoint vc="0" uspid="428" ordinal="0" offset="17" sl="74" sc="4" el="74" ec="4" bec="0" bev="0" fileid="5" />
                <SequencePoint vc="0" uspid="429" ordinal="0" offset="29" sl="75" sc="4" el="75" ec="4" bec="0" bev="0" fileid="5" />
                <SequencePoint vc="0" uspid="430" ordinal="0" offset="36" sl="76" sc="4" el="76" ec="4" bec="0" bev="0" fileid="5" />
                <SequencePoint vc="0" uspid="431" ordinal="0" offset="48" sl="77" sc="4" el="77" ec="4" bec="0" bev="0" fileid="5" />
                <SequencePoint vc="0" uspid="432" ordinal="0" offset="55" sl="78" sc="3" el="78" ec="3" bec="0" bev="0" fileid="5" />
              </SequencePoints>
              <BranchPoints />
            </Method>
          </Methods>
        </Class>
        <Class>
          <Summary numSequencePoints="12" visitedSequencePoints="0" numBranchPoints="0" visitedBranchPoints="0" sequenceCoverage="0.0" branchCoverage="0.0" maxCyclomaticComplexity="0" minCyclomaticComplexity="0" maxCrapScore="0" minCrapScore="0" visitedClasses="0" numClasses="1" visitedMethods="0" numMethods="2" />
          <FullName>UnknownSpace.Gameplay.Startup.GameplayLifetimeScope</FullName>
          <Methods>
            <Method visited="false" cyclomaticComplexity="0" nPathComplexity="0" sequenceCoverage="0.0" branchCoverage="0" crapScore="0" isConstructor="false" isStatic="false" isGetter="false" isSetter="false">
              <Summary numSequencePoints="6" visitedSequencePoints="0" numBranchPoints="0" visitedBranchPoints="0" sequenceCoverage="0.0" branchCoverage="0" maxCyclomaticComplexity="0" minCyclomaticComplexity="0" maxCrapScore="0" minCrapScore="0" visitedClasses="0" numClasses="0" visitedMethods="0" numMethods="1" />
              <MetadataToken>100663302</MetadataToken>
              <Name>System.Void UnknownSpace.Gameplay.Startup.GameplayLifetimeScope::Reset()</Name>
              <FileRef uid="6" />
              <SequencePoints>
                <SequencePoint vc="0" uspid="433" ordinal="0" offset="0" sl="17" sc="0" el="17" ec="0" bec="0" bev="0" fileid="6" />
                <SequencePoint vc="0" uspid="434" ordinal="0" offset="1" sl="18" sc="0" el="18" ec="0" bec="0" bev="0" fileid="6" />
                <SequencePoint vc="0" uspid="435" ordinal="0" offset="12" sl="19" sc="0" el="19" ec="0" bec="0" bev="0" fileid="6" />
                <SequencePoint vc="0" uspid="436" ordinal="0" offset="23" sl="20" sc="0" el="20" ec="0" bec="0" bev="0" fileid="6" />
                <SequencePoint vc="0" uspid="437" ordinal="0" offset="34" sl="21" sc="0" el="21" ec="0" bec="0" bev="0" fileid="6" />
                <SequencePoint vc="0" uspid="438" ordinal="0" offset="52" sl="22" sc="0" el="22" ec="0" bec="0" bev="0" fileid="6" />
              </SequencePoints>
              <BranchPoints />
            </Method>
            <Method visited="false" cyclomaticComplexity="0" nPathComplexity="0" sequenceCoverage="0.0" branchCoverage="0" crapScore="0" isConstructor="false" isStatic="false" isGetter="false" isSetter="false">
              <Summary numSequencePoints="6" visitedSequencePoints="0" numBranchPoints="0" visitedBranchPoints="0" sequenceCoverage="0.0" branchCoverage="0" maxCyclomaticComplexity="0" minCyclomaticComplexity="0" maxCrapScore="0" minCrapScore="0" visitedClasses="0" numClasses="0" visitedMethods="0" numMethods="1" />
              <MetadataToken>100663303</MetadataToken>
              <Name>System.Void UnknownSpace.Gameplay.Startup.GameplayLifetimeScope::Configure(VContainer.IContainerBuilder)</Name>
              <FileRef uid="6" />
              <SequencePoints>
                <SequencePoint vc="0" uspid="439" ordinal="0" offset="0" sl="24" sc="64" el="24" ec="64" bec="0" bev="0" fileid="6" />
                <SequencePoint vc="0" uspid="440" ordinal="0" offset="1" sl="25" sc="4" el="25" ec="4" bec="0" bev="0" fileid="6" />
                <SequencePoint vc="0" uspid="441" ordinal="0" offset="14" sl="26" sc="4" el="26" ec="4" bec="0" bev="0" fileid="6" />
                <SequencePoint vc="0" uspid="442" ordinal="0" offset="27" sl="27" sc="4" el="27" ec="4" bec="0" bev="0" fileid="6" />
                <SequencePoint vc="0" uspid="443" ordinal="0" offset="40" sl="28" sc="4" el="28" ec="4" bec="0" bev="0" fileid="6" />
                <SequencePoint vc="0" uspid="444" ordinal="0" offset="79" sl="40" sc="3" el="40" ec="3" bec="0" bev="0" fileid="6" />
              </SequencePoints>
              <BranchPoints />
            </Method>
          </Methods>
        </Class>
        <Class>
          <Summary numSequencePoints="6" visitedSequencePoints="0" numBranchPoints="0" visitedBranchPoints="0" sequenceCoverage="0.0" branchCoverage="0.0" maxCyclomaticComplexity="0" minCyclomaticComplexity="0" maxCrapScore="0" minCrapScore="0" visitedClasses="0" numClasses="1" visitedMethods="0" numMethods="1" />
          <FullName>UnknownSpace.Gameplay.Startup.PlayerInitializer</FullName>
          <Methods>
            <Method visited="false" cyclomaticComplexity="0" nPathComplexity="0" sequenceCoverage="0.0" branchCoverage="0" crapScore="0" isConstructor="false" isStatic="true" isGetter="false" isSetter="false">
              <Summary numSequencePoints="6" visitedSequencePoints="0" numBranchPoints="0" visitedBranchPoints="0" sequenceCoverage="0.0" branchCoverage="0" maxCyclomaticComplexity="0" minCyclomaticComplexity="0" maxCrapScore="0" minCrapScore="0" visitedClasses="0" numClasses="0" visitedMethods="0" numMethods="1" />
              <MetadataToken>100663305</MetadataToken>
              <Name>static Leopotam.Ecs.EcsEntity UnknownSpace.Gameplay.Startup.PlayerInitializer::AddToWorld(Leopotam.Ecs.EcsWorld)</Name>
              <FileRef uid="7" />
              <SequencePoints>
                <SequencePoint vc="0" uspid="445" ordinal="0" offset="0" sl="6" sc="54" el="6" ec="54" bec="0" bev="0" fileid="7" />
                <SequencePoint vc="0" uspid="446" ordinal="0" offset="1" sl="7" sc="4" el="7" ec="4" bec="0" bev="0" fileid="7" />
                <SequencePoint vc="0" uspid="447" ordinal="0" offset="8" sl="8" sc="4" el="8" ec="4" bec="0" bev="0" fileid="7" />
                <SequencePoint vc="0" uspid="448" ordinal="0" offset="16" sl="9" sc="4" el="9" ec="4" bec="0" bev="0" fileid="7" />
                <SequencePoint vc="0" uspid="449" ordinal="0" offset="24" sl="10" sc="4" el="10" ec="4" bec="0" bev="0" fileid="7" />
                <SequencePoint vc="0" uspid="450" ordinal="0" offset="28" sl="11" sc="3" el="11" ec="3" bec="0" bev="0" fileid="7" />
              </SequencePoints>
              <BranchPoints />
            </Method>
          </Methods>
        </Class>
        <Class>
          <Summary numSequencePoints="10" visitedSequencePoints="0" numBranchPoints="0" visitedBranchPoints="0" sequenceCoverage="0.0" branchCoverage="0.0" maxCyclomaticComplexity="0" minCyclomaticComplexity="0" maxCrapScore="0" minCrapScore="0" visitedClasses="0" numClasses="1" visitedMethods="0" numMethods="1" />
          <FullName>UnknownSpace.Gameplay.Startup.GameplayLifetimeScope/&lt;&gt;c__DisplayClass4_0</FullName>
          <Methods>
            <Method visited="false" cyclomaticComplexity="0" nPathComplexity="0" sequenceCoverage="0.0" branchCoverage="0" crapScore="0" isConstructor="false" isStatic="false" isGetter="false" isSetter="false">
              <Summary numSequencePoints="10" visitedSequencePoints="0" numBranchPoints="0" visitedBranchPoints="0" sequenceCoverage="0.0" branchCoverage="0" maxCyclomaticComplexity="0" minCyclomaticComplexity="0" maxCrapScore="0" minCrapScore="0" visitedClasses="0" numClasses="0" visitedMethods="0" numMethods="1" />
              <MetadataToken>100663307</MetadataToken>
              <Name>UnityEngine.GameObject UnknownSpace.Gameplay.Startup.GameplayLifetimeScope/&lt;&gt;c__DisplayClass4_0::&lt;Configure&gt;b__1(UnknownSpace.Gameplay.Config.EntityType, Leopotam.Ecs.EcsEntity)</Name>
              <FileRef uid="6" />
              <SequencePoints>
                <SequencePoint vc="0" uspid="451" ordinal="0" offset="13" sl="29" sc="25" el="29" ec="25" bec="0" bev="0" fileid="6" />
                <SequencePoint vc="0" uspid="452" ordinal="0" offset="14" sl="30" sc="6" el="30" ec="6" bec="0" bev="0" fileid="6" />
                <SequencePoint vc="0" uspid="453" ordinal="0" offset="26" sl="31" sc="6" el="31" ec="6" bec="0" bev="0" fileid="6" />
                <SequencePoint vc="0" uspid="454" ordinal="0" offset="49" sl="31" sc="69" el="31" ec="69" bec="0" bev="0" fileid="6" />
                <SequencePoint vc="0" uspid="455" ordinal="0" offset="50" sl="32" sc="7" el="32" ec="7" bec="0" bev="0" fileid="6" />
                <SequencePoint vc="0" uspid="456" ordinal="0" offset="55" sl="34" sc="6" el="34" ec="6" bec="0" bev="0" fileid="6" />
                <SequencePoint vc="0" uspid="457" ordinal="0" offset="72" sl="35" sc="6" el="35" ec="6" bec="0" bev="0" fileid="6" />
                <SequencePoint vc="0" uspid="458" ordinal="0" offset="97" sl="36" sc="6" el="36" ec="6" bec="0" bev="0" fileid="6" />
                <SequencePoint vc="0" uspid="459" ordinal="0" offset="118" sl="37" sc="6" el="37" ec="6" bec="0" bev="0" fileid="6" />
                <SequencePoint vc="0" uspid="460" ordinal="0" offset="124" sl="38" sc="5" el="38" ec="5" bec="0" bev="0" fileid="6" />
              </SequencePoints>
              <BranchPoints />
            </Method>
          </Methods>
        </Class>
        <Class>
          <Summary numSequencePoints="3" visitedSequencePoints="0" numBranchPoints="0" visitedBranchPoints="0" sequenceCoverage="0.0" branchCoverage="0.0" maxCyclomaticComplexity="0" minCyclomaticComplexity="0" maxCrapScore="0" minCrapScore="0" visitedClasses="0" numClasses="1" visitedMethods="0" numMethods="1" />
          <FullName>UnknownSpace.Gameplay.Startup.GameplayLifetimeScope/&lt;&gt;c__DisplayClass4_1</FullName>
          <Methods>
            <Method visited="false" cyclomaticComplexity="0" nPathComplexity="0" sequenceCoverage="0.0" branchCoverage="0" crapScore="0" isConstructor="false" isStatic="false" isGetter="false" isSetter="false">
              <Summary numSequencePoints="3" visitedSequencePoints="0" numBranchPoints="0" visitedBranchPoints="0" sequenceCoverage="0.0" branchCoverage="0" maxCyclomaticComplexity="0" minCyclomaticComplexity="0" maxCrapScore="0" minCrapScore="0" visitedClasses="0" numClasses="0" visitedMethods="0" numMethods="1" />
              <MetadataToken>100663309</MetadataToken>
              <Name>System.Void UnknownSpace.Gameplay.Startup.GameplayLifetimeScope/&lt;&gt;c__DisplayClass4_1::&lt;Configure&gt;b__2(VContainer.IContainerBuilder)</Name>
              <FileRef uid="6" />
              <SequencePoints>
                <SequencePoint vc="0" uspid="461" ordinal="0" offset="0" sl="35" sc="65" el="35" ec="65" bec="0" bev="0" fileid="6" />
                <SequencePoint vc="0" uspid="462" ordinal="0" offset="1" sl="35" sc="67" el="35" ec="67" bec="0" bev="0" fileid="6" />
                <SequencePoint vc="0" uspid="463" ordinal="0" offset="14" sl="35" sc="101" el="35" ec="101" bec="0" bev="0" fileid="6" />
              </SequencePoints>
              <BranchPoints />
            </Method>
          </Methods>
        </Class>
        <Class>
          <Summary numSequencePoints="3" visitedSequencePoints="0" numBranchPoints="0" visitedBranchPoints="0" sequenceCoverage="0.0" branchCoverage="0.0" maxCyclomaticComplexity="0" minCyclomaticComplexity="0" maxCrapScore="0" minCrapScore="0" visitedClasses="0" numClasses="1" visitedMethods="0" numMethods="1" />
          <FullName>UnknownSpace.Gameplay.Startup.GameplayLifetimeScope/&lt;&gt;c</FullName>
          <Methods>
            <Method visited="false" cyclomaticComplexity="0" nPathComplexity="0" sequenceCoverage="0.0" branchCoverage="0" crapScore="0" isConstructor="false" isStatic="false" isGetter="false" isSetter="false">
              <Summary numSequencePoints="3" visitedSequencePoints="0" numBranchPoints="0" visitedBranchPoints="0" sequenceCoverage="0.0" branchCoverage="0" maxCyclomaticComplexity="0" minCyclomaticComplexity="0" maxCrapScore="0" minCrapScore="0" visitedClasses="0" numClasses="0" visitedMethods="0" numMethods="1" />
              <MetadataToken>100663312</MetadataToken>
              <Name>System.Func[EntityType,EcsEntity,GameObject] UnknownSpace.Gameplay.Startup.GameplayLifetimeScope/&lt;&gt;c::&lt;Configure&gt;b__4_0(VContainer.IObjectResolver)</Name>
              <FileRef uid="6" />
              <SequencePoints>
                <SequencePoint vc="0" uspid="464" ordinal="0" offset="13" sl="28" sc="75" el="28" ec="75" bec="0" bev="0" fileid="6" />
                <SequencePoint vc="0" uspid="465" ordinal="0" offset="14" sl="29" sc="5" el="29" ec="5" bec="0" bev="0" fileid="6" />
                <SequencePoint vc="0" uspid="466" ordinal="0" offset="29" sl="39" sc="4" el="39" ec="4" bec="0" bev="0" fileid="6" />
              </SequencePoints>
              <BranchPoints />
            </Method>
          </Methods>
        </Class>
      </Classes>
    </Module>
    <Module>
      <Summary numSequencePoints="238" visitedSequencePoints="231" numBranchPoints="0" visitedBranchPoints="0" sequenceCoverage="97.06" branchCoverage="0.0" maxCyclomaticComplexity="0" minCyclomaticComplexity="0" maxCrapScore="0" minCrapScore="0" visitedClasses="13" numClasses="13" visitedMethods="38" numMethods="38" />
      <ModuleTime>0001-01-01T00:00:00</ModuleTime>
      <ModuleName>Gameplay.Systems</ModuleName>
      <Files>
        <File uid="8" fullPath="/Volumes/Transcend/Projects/ThirdParty/UnknownSpace/UnityClient/Assets/Scripts/Gameplay/Systems/EnemySpawnTimerSystem.cs" />
        <File uid="9" fullPath="/Volumes/Transcend/Projects/ThirdParty/UnknownSpace/UnityClient/Assets/Scripts/Gameplay/Systems/LimitPlayerMovementAreaSystem.cs" />
        <File uid="10" fullPath="/Volumes/Transcend/Projects/ThirdParty/UnknownSpace/UnityClient/Assets/Scripts/Gameplay/Systems/LimitPlayerMovementDirectionSystem.cs" />
        <File uid="11" fullPath="/Volumes/Transcend/Projects/ThirdParty/UnknownSpace/UnityClient/Assets/Scripts/Gameplay/Systems/LimitProjectileAreaSystem.cs" />
        <File uid="12" fullPath="/Volumes/Transcend/Projects/ThirdParty/UnknownSpace/UnityClient/Assets/Scripts/Gameplay/Systems/MovementLogic.cs" />
        <File uid="13" fullPath="/Volumes/Transcend/Projects/ThirdParty/UnknownSpace/UnityClient/Assets/Scripts/Gameplay/Systems/MovementSystem.cs" />
        <File uid="14" fullPath="/Volumes/Transcend/Projects/ThirdParty/UnknownSpace/UnityClient/Assets/Scripts/Gameplay/Systems/PlayerMovementSystem.cs" />
        <File uid="15" fullPath="/Volumes/Transcend/Projects/ThirdParty/UnknownSpace/UnityClient/Assets/Scripts/Gameplay/Systems/SetSpawnPointSystem.cs" />
        <File uid="16" fullPath="/Volumes/Transcend/Projects/ThirdParty/UnknownSpace/UnityClient/Assets/Scripts/Gameplay/Systems/ShootSystem.cs" />
        <File uid="17" fullPath="/Volumes/Transcend/Projects/ThirdParty/UnknownSpace/UnityClient/Assets/Scripts/Gameplay/Systems/SpawnSystem.cs" />
        <File uid="18" fullPath="/Volumes/Transcend/Projects/ThirdParty/UnknownSpace/UnityClient/Assets/Scripts/Gameplay/Systems/SteadyMovementSystem.cs" />
        <File uid="19" fullPath="/Volumes/Transcend/Projects/ThirdParty/UnknownSpace/UnityClient/Assets/Scripts/Gameplay/Systems/TimeData.cs" />
        <File uid="20" fullPath="/Volumes/Transcend/Projects/ThirdParty/UnknownSpace/UnityClient/Assets/Scripts/Gameplay/Systems/TimeProviderSystem.cs" />
      </Files>
      <Classes>
        <Class>
          <Summary numSequencePoints="37" visitedSequencePoints="30" numBranchPoints="0" visitedBranchPoints="0" sequenceCoverage="81.08" branchCoverage="0.0" maxCyclomaticComplexity="0" minCyclomaticComplexity="0" maxCrapScore="0" minCrapScore="0" visitedClasses="1" numClasses="1" visitedMethods="4" numMethods="4" />
          <FullName>UnknownSpace.Gameplay.Systems.EnemySpawnTimerSystem</FullName>
          <Methods>
            <Method visited="true" cyclomaticComplexity="0" nPathComplexity="0" sequenceCoverage="50.00" branchCoverage="0" crapScore="0" isConstructor="false" isStatic="false" isGetter="false" isSetter="false">
              <Summary numSequencePoints="10" visitedSequencePoints="5" numBranchPoints="0" visitedBranchPoints="0" sequenceCoverage="50.00" branchCoverage="0" maxCyclomaticComplexity="0" minCyclomaticComplexity="0" maxCrapScore="0" minCrapScore="0" visitedClasses="0" numClasses="0" visitedMethods="1" numMethods="1" />
              <MetadataToken>100663298</MetadataToken>
              <Name>System.Void UnknownSpace.Gameplay.Systems.EnemySpawnTimerSystem::Init()</Name>
              <FileRef uid="8" />
              <SequencePoints>
                <SequencePoint vc="1" uspid="467" ordinal="0" offset="0" sl="19" sc="22" el="19" ec="22" bec="0" bev="0" fileid="8" />
                <SequencePoint vc="1" uspid="468" ordinal="0" offset="1" sl="20" sc="4" el="20" ec="4" bec="0" bev="0" fileid="8" />
                <SequencePoint vc="1" uspid="469" ordinal="0" offset="2" sl="20" sc="25" el="20" ec="25" bec="0" bev="0" fileid="8" />
                <SequencePoint vc="0" uspid="470" ordinal="0" offset="16" sl="20" sc="14" el="20" ec="14" bec="0" bev="0" fileid="8" />
                <SequencePoint vc="0" uspid="471" ordinal="0" offset="24" sl="20" sc="35" el="20" ec="35" bec="0" bev="0" fileid="8" />
                <SequencePoint vc="0" uspid="472" ordinal="0" offset="25" sl="21" sc="5" el="21" ec="5" bec="0" bev="0" fileid="8" />
                <SequencePoint vc="0" uspid="473" ordinal="0" offset="39" sl="22" sc="5" el="22" ec="5" bec="0" bev="0" fileid="8" />
                <SequencePoint vc="0" uspid="474" ordinal="0" offset="47" sl="23" sc="4" el="23" ec="4" bec="0" bev="0" fileid="8" />
                <SequencePoint vc="1" uspid="475" ordinal="0" offset="48" sl="20" sc="22" el="20" ec="22" bec="0" bev="0" fileid="8" />
                <SequencePoint vc="1" uspid="476" ordinal="0" offset="74" sl="24" sc="3" el="24" ec="3" bec="0" bev="0" fileid="8" />
              </SequencePoints>
              <BranchPoints />
            </Method>
            <Method visited="true" cyclomaticComplexity="0" nPathComplexity="0" sequenceCoverage="88.24" branchCoverage="0" crapScore="0" isConstructor="false" isStatic="false" isGetter="false" isSetter="false">
              <Summary numSequencePoints="17" visitedSequencePoints="15" numBranchPoints="0" visitedBranchPoints="0" sequenceCoverage="88.24" branchCoverage="0" maxCyclomaticComplexity="0" minCyclomaticComplexity="0" maxCrapScore="0" minCrapScore="0" visitedClasses="0" numClasses="0" visitedMethods="1" numMethods="1" />
              <MetadataToken>100663299</MetadataToken>
              <Name>System.Void UnknownSpace.Gameplay.Systems.EnemySpawnTimerSystem::Run()</Name>
              <FileRef uid="8" />
              <SequencePoints>
                <SequencePoint vc="1" uspid="477" ordinal="0" offset="0" sl="26" sc="21" el="26" ec="21" bec="0" bev="0" fileid="8" />
                <SequencePoint vc="1" uspid="478" ordinal="0" offset="1" sl="27" sc="4" el="27" ec="4" bec="0" bev="0" fileid="8" />
                <SequencePoint vc="1" uspid="479" ordinal="0" offset="2" sl="27" sc="25" el="27" ec="25" bec="0" bev="0" fileid="8" />
                <SequencePoint vc="1" uspid="480" ordinal="0" offset="16" sl="27" sc="14" el="27" ec="14" bec="0" bev="0" fileid="8" />
                <SequencePoint vc="1" uspid="481" ordinal="0" offset="24" sl="27" sc="35" el="27" ec="35" bec="0" bev="0" fileid="8" />
                <SequencePoint vc="1" uspid="482" ordinal="0" offset="25" sl="28" sc="5" el="28" ec="5" bec="0" bev="0" fileid="8" />
                <SequencePoint vc="1" uspid="483" ordinal="0" offset="39" sl="29" sc="5" el="29" ec="5" bec="0" bev="0" fileid="8" />
                <SequencePoint vc="1" uspid="484" ordinal="0" offset="60" sl="30" sc="5" el="30" ec="5" bec="0" bev="0" fileid="8" />
                <SequencePoint vc="0" uspid="485" ordinal="0" offset="79" sl="30" sc="41" el="30" ec="41" bec="0" bev="0" fileid="8" />
                <SequencePoint vc="0" uspid="486" ordinal="0" offset="80" sl="31" sc="6" el="31" ec="6" bec="0" bev="0" fileid="8" />
                <SequencePoint vc="1" uspid="487" ordinal="0" offset="82" sl="33" sc="5" el="33" ec="5" bec="0" bev="0" fileid="8" />
                <SequencePoint vc="1" uspid="488" ordinal="0" offset="96" sl="34" sc="5" el="34" ec="5" bec="0" bev="0" fileid="8" />
                <SequencePoint vc="1" uspid="489" ordinal="0" offset="104" sl="35" sc="5" el="35" ec="5" bec="0" bev="0" fileid="8" />
                <SequencePoint vc="1" uspid="490" ordinal="0" offset="112" sl="36" sc="5" el="36" ec="5" bec="0" bev="0" fileid="8" />
                <SequencePoint vc="1" uspid="491" ordinal="0" offset="120" sl="37" sc="4" el="37" ec="4" bec="0" bev="0" fileid="8" />
                <SequencePoint vc="2" uspid="492" ordinal="0" offset="121" sl="27" sc="22" el="27" ec="22" bec="0" bev="0" fileid="8" />
                <SequencePoint vc="1" uspid="493" ordinal="0" offset="147" sl="38" sc="3" el="38" ec="3" bec="0" bev="0" fileid="8" />
              </SequencePoints>
              <BranchPoints />
            </Method>
            <Method visited="true" cyclomaticComplexity="0" nPathComplexity="0" sequenceCoverage="100.0" branchCoverage="0" crapScore="0" isConstructor="false" isStatic="false" isGetter="false" isSetter="false">
              <Summary numSequencePoints="3" visitedSequencePoints="3" numBranchPoints="0" visitedBranchPoints="0" sequenceCoverage="100.0" branchCoverage="0" maxCyclomaticComplexity="0" minCyclomaticComplexity="0" maxCrapScore="0" minCrapScore="0" visitedClasses="0" numClasses="0" visitedMethods="1" numMethods="1" />
              <MetadataToken>100663300</MetadataToken>
              <Name>System.Void UnknownSpace.Gameplay.Systems.EnemySpawnTimerSystem::UpdateTimer(UnknownSpace.Gameplay.Components.SpawnPoint&amp;)</Name>
              <FileRef uid="8" />
              <SequencePoints>
                <SequencePoint vc="1" uspid="494" ordinal="0" offset="0" sl="40" sc="47" el="40" ec="47" bec="0" bev="0" fileid="8" />
                <SequencePoint vc="1" uspid="495" ordinal="0" offset="1" sl="41" sc="4" el="41" ec="4" bec="0" bev="0" fileid="8" />
                <SequencePoint vc="1" uspid="496" ordinal="0" offset="24" sl="42" sc="3" el="42" ec="3" bec="0" bev="0" fileid="8" />
              </SequencePoints>
              <BranchPoints />
            </Method>
            <Method visited="true" cyclomaticComplexity="0" nPathComplexity="0" sequenceCoverage="100.0" branchCoverage="0" crapScore="0" isConstructor="true" isStatic="false" isGetter="false" isSetter="false">
              <Summary numSequencePoints="7" visitedSequencePoints="7" numBranchPoints="0" visitedBranchPoints="0" sequenceCoverage="100.0" branchCoverage="0" maxCyclomaticComplexity="0" minCyclomaticComplexity="0" maxCrapScore="0" minCrapScore="0" visitedClasses="0" numClasses="0" visitedMethods="1" numMethods="1" />
              <MetadataToken>100663297</MetadataToken>
              <Name>UnknownSpace.Gameplay.Systems.EnemySpawnTimerSystem::EnemySpawnTimerSystem(System.Single, System.Single)</Name>
              <FileRef uid="8" />
              <SequencePoints>
                <SequencePoint vc="1" uspid="497" ordinal="0" offset="0" sl="11" sc="3" el="11" ec="3" bec="0" bev="0" fileid="8" />
                <SequencePoint vc="1" uspid="498" ordinal="0" offset="7" sl="12" sc="3" el="12" ec="3" bec="0" bev="0" fileid="8" />
                <SequencePoint vc="1" uspid="499" ordinal="0" offset="14" sl="14" sc="3" el="14" ec="3" bec="0" bev="0" fileid="8" />
                <SequencePoint vc="1" uspid="500" ordinal="0" offset="21" sl="14" sc="72" el="14" ec="72" bec="0" bev="0" fileid="8" />
                <SequencePoint vc="1" uspid="501" ordinal="0" offset="22" sl="15" sc="4" el="15" ec="4" bec="0" bev="0" fileid="8" />
                <SequencePoint vc="1" uspid="502" ordinal="0" offset="29" sl="16" sc="4" el="16" ec="4" bec="0" bev="0" fileid="8" />
                <SequencePoint vc="1" uspid="503" ordinal="0" offset="36" sl="17" sc="3" el="17" ec="3" bec="0" bev="0" fileid="8" />
              </SequencePoints>
              <BranchPoints />
            </Method>
          </Methods>
        </Class>
        <Class>
          <Summary numSequencePoints="22" visitedSequencePoints="22" numBranchPoints="0" visitedBranchPoints="0" sequenceCoverage="100.0" branchCoverage="0.0" maxCyclomaticComplexity="0" minCyclomaticComplexity="0" maxCrapScore="0" minCrapScore="0" visitedClasses="1" numClasses="1" visitedMethods="2" numMethods="2" />
          <FullName>UnknownSpace.Gameplay.Systems.LimitPlayerMovementAreaSystem</FullName>
          <Methods>
            <Method visited="true" cyclomaticComplexity="0" nPathComplexity="0" sequenceCoverage="100.0" branchCoverage="0" crapScore="0" isConstructor="false" isStatic="false" isGetter="false" isSetter="false">
              <Summary numSequencePoints="15" visitedSequencePoints="15" numBranchPoints="0" visitedBranchPoints="0" sequenceCoverage="100.0" branchCoverage="0" maxCyclomaticComplexity="0" minCyclomaticComplexity="0" maxCrapScore="0" minCrapScore="0" visitedClasses="0" numClasses="0" visitedMethods="1" numMethods="1" />
              <MetadataToken>100663302</MetadataToken>
              <Name>System.Void UnknownSpace.Gameplay.Systems.LimitPlayerMovementAreaSystem::Run()</Name>
              <FileRef uid="9" />
              <SequencePoints>
                <SequencePoint vc="2" uspid="504" ordinal="0" offset="0" sl="22" sc="21" el="22" ec="21" bec="0" bev="0" fileid="9" />
                <SequencePoint vc="2" uspid="505" ordinal="0" offset="1" sl="23" sc="4" el="23" ec="4" bec="0" bev="0" fileid="9" />
                <SequencePoint vc="2" uspid="506" ordinal="0" offset="2" sl="23" sc="25" el="23" ec="25" bec="0" bev="0" fileid="9" />
                <SequencePoint vc="2" uspid="507" ordinal="0" offset="19" sl="23" sc="14" el="23" ec="14" bec="0" bev="0" fileid="9" />
                <SequencePoint vc="2" uspid="508" ordinal="0" offset="27" sl="23" sc="35" el="23" ec="35" bec="0" bev="0" fileid="9" />
                <SequencePoint vc="2" uspid="509" ordinal="0" offset="28" sl="24" sc="5" el="24" ec="5" bec="0" bev="0" fileid="9" />
                <SequencePoint vc="2" uspid="510" ordinal="0" offset="47" sl="25" sc="5" el="25" ec="5" bec="0" bev="0" fileid="9" />
                <SequencePoint vc="2" uspid="511" ordinal="0" offset="66" sl="26" sc="5" el="26" ec="5" bec="0" bev="0" fileid="9" />
                <SequencePoint vc="2" uspid="512" ordinal="0" offset="107" sl="27" sc="5" el="27" ec="5" bec="0" bev="0" fileid="9" />
                <SequencePoint vc="1" uspid="513" ordinal="0" offset="133" sl="27" sc="72" el="27" ec="72" bec="0" bev="0" fileid="9" />
                <SequencePoint vc="1" uspid="514" ordinal="0" offset="134" sl="28" sc="6" el="28" ec="6" bec="0" bev="0" fileid="9" />
                <SequencePoint vc="1" uspid="515" ordinal="0" offset="153" sl="29" sc="5" el="29" ec="5" bec="0" bev="0" fileid="9" />
                <SequencePoint vc="2" uspid="516" ordinal="0" offset="154" sl="30" sc="4" el="30" ec="4" bec="0" bev="0" fileid="9" />
                <SequencePoint vc="4" uspid="517" ordinal="0" offset="155" sl="23" sc="22" el="23" ec="22" bec="0" bev="0" fileid="9" />
                <SequencePoint vc="2" uspid="518" ordinal="0" offset="184" sl="31" sc="3" el="31" ec="3" bec="0" bev="0" fileid="9" />
              </SequencePoints>
              <BranchPoints />
            </Method>
            <Method visited="true" cyclomaticComplexity="0" nPathComplexity="0" sequenceCoverage="100.0" branchCoverage="0" crapScore="0" isConstructor="true" isStatic="false" isGetter="false" isSetter="false">
              <Summary numSequencePoints="7" visitedSequencePoints="7" numBranchPoints="0" visitedBranchPoints="0" sequenceCoverage="100.0" branchCoverage="0" maxCyclomaticComplexity="0" minCyclomaticComplexity="0" maxCrapScore="0" minCrapScore="0" visitedClasses="0" numClasses="0" visitedMethods="1" numMethods="1" />
              <MetadataToken>100663301</MetadataToken>
              <Name>UnknownSpace.Gameplay.Systems.LimitPlayerMovementAreaSystem::LimitPlayerMovementAreaSystem(System.Single, System.Single)</Name>
              <FileRef uid="9" />
              <SequencePoints>
                <SequencePoint vc="2" uspid="519" ordinal="0" offset="0" sl="13" sc="3" el="13" ec="3" bec="0" bev="0" fileid="9" />
                <SequencePoint vc="2" uspid="520" ordinal="0" offset="7" sl="15" sc="3" el="15" ec="3" bec="0" bev="0" fileid="9" />
                <SequencePoint vc="2" uspid="521" ordinal="0" offset="14" sl="17" sc="3" el="17" ec="3" bec="0" bev="0" fileid="9" />
                <SequencePoint vc="2" uspid="522" ordinal="0" offset="21" sl="17" sc="73" el="17" ec="73" bec="0" bev="0" fileid="9" />
                <SequencePoint vc="2" uspid="523" ordinal="0" offset="22" sl="18" sc="4" el="18" ec="4" bec="0" bev="0" fileid="9" />
                <SequencePoint vc="2" uspid="524" ordinal="0" offset="29" sl="19" sc="4" el="19" ec="4" bec="0" bev="0" fileid="9" />
                <SequencePoint vc="2" uspid="525" ordinal="0" offset="36" sl="20" sc="3" el="20" ec="3" bec="0" bev="0" fileid="9" />
              </SequencePoints>
              <BranchPoints />
            </Method>
          </Methods>
        </Class>
        <Class>
          <Summary numSequencePoints="35" visitedSequencePoints="35" numBranchPoints="0" visitedBranchPoints="0" sequenceCoverage="100.0" branchCoverage="0.0" maxCyclomaticComplexity="0" minCyclomaticComplexity="0" maxCrapScore="0" minCrapScore="0" visitedClasses="1" numClasses="1" visitedMethods="4" numMethods="4" />
          <FullName>UnknownSpace.Gameplay.Systems.LimitPlayerMovementDirectionSystem</FullName>
          <Methods>
            <Method visited="true" cyclomaticComplexity="0" nPathComplexity="0" sequenceCoverage="100.0" branchCoverage="0" crapScore="0" isConstructor="false" isStatic="false" isGetter="false" isSetter="false">
              <Summary numSequencePoints="12" visitedSequencePoints="12" numBranchPoints="0" visitedBranchPoints="0" sequenceCoverage="100.0" branchCoverage="0" maxCyclomaticComplexity="0" minCyclomaticComplexity="0" maxCrapScore="0" minCrapScore="0" visitedClasses="0" numClasses="0" visitedMethods="1" numMethods="1" />
              <MetadataToken>100663304</MetadataToken>
              <Name>System.Void UnknownSpace.Gameplay.Systems.LimitPlayerMovementDirectionSystem::Run()</Name>
              <FileRef uid="10" />
              <SequencePoints>
                <SequencePoint vc="2" uspid="526" ordinal="0" offset="0" sl="19" sc="21" el="19" ec="21" bec="0" bev="0" fileid="10" />
                <SequencePoint vc="2" uspid="527" ordinal="0" offset="1" sl="20" sc="4" el="20" ec="4" bec="0" bev="0" fileid="10" />
                <SequencePoint vc="2" uspid="528" ordinal="0" offset="2" sl="20" sc="25" el="20" ec="25" bec="0" bev="0" fileid="10" />
                <SequencePoint vc="2" uspid="529" ordinal="0" offset="16" sl="20" sc="14" el="20" ec="14" bec="0" bev="0" fileid="10" />
                <SequencePoint vc="2" uspid="530" ordinal="0" offset="24" sl="20" sc="35" el="20" ec="35" bec="0" bev="0" fileid="10" />
                <SequencePoint vc="2" uspid="531" ordinal="0" offset="25" sl="21" sc="5" el="21" ec="5" bec="0" bev="0" fileid="10" />
                <SequencePoint vc="1" uspid="532" ordinal="0" offset="56" sl="21" sc="59" el="21" ec="59" bec="0" bev="0" fileid="10" />
                <SequencePoint vc="1" uspid="533" ordinal="0" offset="57" sl="22" sc="6" el="22" ec="6" bec="0" bev="0" fileid="10" />
                <SequencePoint vc="1" uspid="534" ordinal="0" offset="76" sl="23" sc="5" el="23" ec="5" bec="0" bev="0" fileid="10" />
                <SequencePoint vc="2" uspid="535" ordinal="0" offset="77" sl="24" sc="4" el="24" ec="4" bec="0" bev="0" fileid="10" />
                <SequencePoint vc="4" uspid="536" ordinal="0" offset="78" sl="20" sc="22" el="20" ec="22" bec="0" bev="0" fileid="10" />
                <SequencePoint vc="2" uspid="537" ordinal="0" offset="104" sl="25" sc="3" el="25" ec="3" bec="0" bev="0" fileid="10" />
              </SequencePoints>
              <BranchPoints />
            </Method>
            <Method visited="true" cyclomaticComplexity="0" nPathComplexity="0" sequenceCoverage="100.0" branchCoverage="0" crapScore="0" isConstructor="false" isStatic="false" isGetter="false" isSetter="false">
              <Summary numSequencePoints="3" visitedSequencePoints="3" numBranchPoints="0" visitedBranchPoints="0" sequenceCoverage="100.0" branchCoverage="0" maxCyclomaticComplexity="0" minCyclomaticComplexity="0" maxCrapScore="0" minCrapScore="0" visitedClasses="0" numClasses="0" visitedMethods="1" numMethods="1" />
              <MetadataToken>100663305</MetadataToken>
              <Name>System.Boolean UnknownSpace.Gameplay.Systems.LimitPlayerMovementDirectionSystem::IsDirectionValid(UnityEngine.Vector2)</Name>
              <FileRef uid="10" />
              <SequencePoints>
                <SequencePoint vc="2" uspid="538" ordinal="0" offset="0" sl="27" sc="44" el="27" ec="44" bec="0" bev="0" fileid="10" />
                <SequencePoint vc="2" uspid="539" ordinal="0" offset="1" sl="28" sc="4" el="28" ec="4" bec="0" bev="0" fileid="10" />
                <SequencePoint vc="2" uspid="540" ordinal="0" offset="16" sl="29" sc="3" el="29" ec="3" bec="0" bev="0" fileid="10" />
              </SequencePoints>
              <BranchPoints />
            </Method>
            <Method visited="true" cyclomaticComplexity="0" nPathComplexity="0" sequenceCoverage="100.0" branchCoverage="0" crapScore="0" isConstructor="false" isStatic="true" isGetter="false" isSetter="false">
              <Summary numSequencePoints="15" visitedSequencePoints="15" numBranchPoints="0" visitedBranchPoints="0" sequenceCoverage="100.0" branchCoverage="0" maxCyclomaticComplexity="0" minCyclomaticComplexity="0" maxCrapScore="0" minCrapScore="0" visitedClasses="0" numClasses="0" visitedMethods="1" numMethods="1" />
              <MetadataToken>100663306</MetadataToken>
              <Name>static System.Boolean UnknownSpace.Gameplay.Systems.LimitPlayerMovementDirectionSystem::IsDirectionValid(UnknownSpace.Gameplay.Config.Direction, UnityEngine.Vector2)</Name>
              <FileRef uid="10" />
              <SequencePoints>
                <SequencePoint vc="34" uspid="541" ordinal="0" offset="0" sl="31" sc="74" el="31" ec="74" bec="0" bev="0" fileid="10" />
                <SequencePoint vc="34" uspid="542" ordinal="0" offset="1" sl="32" sc="4" el="32" ec="4" bec="0" bev="0" fileid="10" />
                <SequencePoint vc="5" uspid="543" ordinal="0" offset="41" sl="32" sc="60" el="32" ec="60" bec="0" bev="0" fileid="10" />
                <SequencePoint vc="5" uspid="544" ordinal="0" offset="42" sl="33" sc="5" el="33" ec="5" bec="0" bev="0" fileid="10" />
                <SequencePoint vc="29" uspid="545" ordinal="0" offset="49" sl="35" sc="4" el="35" ec="4" bec="0" bev="0" fileid="10" />
                <SequencePoint vc="5" uspid="546" ordinal="0" offset="89" sl="35" sc="61" el="35" ec="61" bec="0" bev="0" fileid="10" />
                <SequencePoint vc="5" uspid="547" ordinal="0" offset="90" sl="36" sc="5" el="36" ec="5" bec="0" bev="0" fileid="10" />
                <SequencePoint vc="24" uspid="548" ordinal="0" offset="94" sl="38" sc="4" el="38" ec="4" bec="0" bev="0" fileid="10" />
                <SequencePoint vc="5" uspid="549" ordinal="0" offset="134" sl="38" sc="60" el="38" ec="60" bec="0" bev="0" fileid="10" />
                <SequencePoint vc="5" uspid="550" ordinal="0" offset="135" sl="39" sc="5" el="39" ec="5" bec="0" bev="0" fileid="10" />
                <SequencePoint vc="19" uspid="551" ordinal="0" offset="139" sl="41" sc="4" el="41" ec="4" bec="0" bev="0" fileid="10" />
                <SequencePoint vc="6" uspid="552" ordinal="0" offset="181" sl="41" sc="58" el="41" ec="58" bec="0" bev="0" fileid="10" />
                <SequencePoint vc="6" uspid="553" ordinal="0" offset="182" sl="42" sc="5" el="42" ec="5" bec="0" bev="0" fileid="10" />
                <SequencePoint vc="13" uspid="554" ordinal="0" offset="186" sl="44" sc="4" el="44" ec="4" bec="0" bev="0" fileid="10" />
                <SequencePoint vc="34" uspid="555" ordinal="0" offset="190" sl="45" sc="3" el="45" ec="3" bec="0" bev="0" fileid="10" />
              </SequencePoints>
              <BranchPoints />
            </Method>
            <Method visited="true" cyclomaticComplexity="0" nPathComplexity="0" sequenceCoverage="100.0" branchCoverage="0" crapScore="0" isConstructor="true" isStatic="false" isGetter="false" isSetter="false">
              <Summary numSequencePoints="5" visitedSequencePoints="5" numBranchPoints="0" visitedBranchPoints="0" sequenceCoverage="100.0" branchCoverage="0" maxCyclomaticComplexity="0" minCyclomaticComplexity="0" maxCrapScore="0" minCrapScore="0" visitedClasses="0" numClasses="0" visitedMethods="1" numMethods="1" />
              <MetadataToken>100663303</MetadataToken>
              <Name>UnknownSpace.Gameplay.Systems.LimitPlayerMovementDirectionSystem::LimitPlayerMovementDirectionSystem(UnknownSpace.Gameplay.Config.Direction)</Name>
              <FileRef uid="10" />
              <SequencePoints>
                <SequencePoint vc="2" uspid="556" ordinal="0" offset="0" sl="13" sc="3" el="13" ec="3" bec="0" bev="0" fileid="10" />
                <SequencePoint vc="2" uspid="557" ordinal="0" offset="7" sl="15" sc="3" el="15" ec="3" bec="0" bev="0" fileid="10" />
                <SequencePoint vc="2" uspid="558" ordinal="0" offset="14" sl="15" sc="66" el="15" ec="66" bec="0" bev="0" fileid="10" />
                <SequencePoint vc="2" uspid="559" ordinal="0" offset="15" sl="16" sc="4" el="16" ec="4" bec="0" bev="0" fileid="10" />
                <SequencePoint vc="2" uspid="560" ordinal="0" offset="22" sl="17" sc="3" el="17" ec="3" bec="0" bev="0" fileid="10" />
              </SequencePoints>
              <BranchPoints />
            </Method>
          </Methods>
        </Class>
        <Class>
          <Summary numSequencePoints="18" visitedSequencePoints="18" numBranchPoints="0" visitedBranchPoints="0" sequenceCoverage="100.0" branchCoverage="0.0" maxCyclomaticComplexity="0" minCyclomaticComplexity="0" maxCrapScore="0" minCrapScore="0" visitedClasses="1" numClasses="1" visitedMethods="2" numMethods="2" />
          <FullName>UnknownSpace.Gameplay.Systems.LimitProjectileAreaSystem</FullName>
          <Methods>
            <Method visited="true" cyclomaticComplexity="0" nPathComplexity="0" sequenceCoverage="100.0" branchCoverage="0" crapScore="0" isConstructor="false" isStatic="false" isGetter="false" isSetter="false">
              <Summary numSequencePoints="13" visitedSequencePoints="13" numBranchPoints="0" visitedBranchPoints="0" sequenceCoverage="100.0" branchCoverage="0" maxCyclomaticComplexity="0" minCyclomaticComplexity="0" maxCrapScore="0" minCrapScore="0" visitedClasses="0" numClasses="0" visitedMethods="1" numMethods="1" />
              <MetadataToken>100663308</MetadataToken>
              <Name>System.Void UnknownSpace.Gameplay.Systems.LimitProjectileAreaSystem::Run()</Name>
              <FileRef uid="11" />
              <SequencePoints>
                <SequencePoint vc="2" uspid="561" ordinal="0" offset="0" sl="18" sc="21" el="18" ec="21" bec="0" bev="0" fileid="11" />
                <SequencePoint vc="2" uspid="562" ordinal="0" offset="1" sl="19" sc="4" el="19" ec="4" bec="0" bev="0" fileid="11" />
                <SequencePoint vc="2" uspid="563" ordinal="0" offset="2" sl="19" sc="25" el="19" ec="25" bec="0" bev="0" fileid="11" />
                <SequencePoint vc="2" uspid="564" ordinal="0" offset="16" sl="19" sc="14" el="19" ec="14" bec="0" bev="0" fileid="11" />
                <SequencePoint vc="2" uspid="565" ordinal="0" offset="24" sl="19" sc="35" el="19" ec="35" bec="0" bev="0" fileid="11" />
                <SequencePoint vc="2" uspid="566" ordinal="0" offset="25" sl="20" sc="5" el="20" ec="5" bec="0" bev="0" fileid="11" />
                <SequencePoint vc="2" uspid="567" ordinal="0" offset="44" sl="21" sc="5" el="21" ec="5" bec="0" bev="0" fileid="11" />
                <SequencePoint vc="1" uspid="568" ordinal="0" offset="72" sl="21" sc="72" el="21" ec="72" bec="0" bev="0" fileid="11" />
                <SequencePoint vc="1" uspid="569" ordinal="0" offset="73" sl="22" sc="6" el="22" ec="6" bec="0" bev="0" fileid="11" />
                <SequencePoint vc="1" uspid="570" ordinal="0" offset="92" sl="23" sc="5" el="23" ec="5" bec="0" bev="0" fileid="11" />
                <SequencePoint vc="2" uspid="571" ordinal="0" offset="93" sl="24" sc="4" el="24" ec="4" bec="0" bev="0" fileid="11" />
                <SequencePoint vc="4" uspid="572" ordinal="0" offset="94" sl="19" sc="22" el="19" ec="22" bec="0" bev="0" fileid="11" />
                <SequencePoint vc="2" uspid="573" ordinal="0" offset="120" sl="25" sc="3" el="25" ec="3" bec="0" bev="0" fileid="11" />
              </SequencePoints>
              <BranchPoints />
            </Method>
            <Method visited="true" cyclomaticComplexity="0" nPathComplexity="0" sequenceCoverage="100.0" branchCoverage="0" crapScore="0" isConstructor="true" isStatic="false" isGetter="false" isSetter="false">
              <Summary numSequencePoints="5" visitedSequencePoints="5" numBranchPoints="0" visitedBranchPoints="0" sequenceCoverage="100.0" branchCoverage="0" maxCyclomaticComplexity="0" minCyclomaticComplexity="0" maxCrapScore="0" minCrapScore="0" visitedClasses="0" numClasses="0" visitedMethods="1" numMethods="1" />
              <MetadataToken>100663307</MetadataToken>
              <Name>UnknownSpace.Gameplay.Systems.LimitProjectileAreaSystem::LimitProjectileAreaSystem(System.Single)</Name>
              <FileRef uid="11" />
              <SequencePoints>
                <SequencePoint vc="2" uspid="574" ordinal="0" offset="0" sl="12" sc="3" el="12" ec="3" bec="0" bev="0" fileid="11" />
                <SequencePoint vc="2" uspid="575" ordinal="0" offset="7" sl="14" sc="3" el="14" ec="3" bec="0" bev="0" fileid="11" />
                <SequencePoint vc="2" uspid="576" ordinal="0" offset="14" sl="14" sc="53" el="14" ec="53" bec="0" bev="0" fileid="11" />
                <SequencePoint vc="2" uspid="577" ordinal="0" offset="15" sl="15" sc="4" el="15" ec="4" bec="0" bev="0" fileid="11" />
                <SequencePoint vc="2" uspid="578" ordinal="0" offset="22" sl="16" sc="3" el="16" ec="3" bec="0" bev="0" fileid="11" />
              </SequencePoints>
              <BranchPoints />
            </Method>
          </Methods>
        </Class>
        <Class>
          <Summary numSequencePoints="1" visitedSequencePoints="1" numBranchPoints="0" visitedBranchPoints="0" sequenceCoverage="100.0" branchCoverage="0.0" maxCyclomaticComplexity="0" minCyclomaticComplexity="0" maxCrapScore="0" minCrapScore="0" visitedClasses="1" numClasses="1" visitedMethods="1" numMethods="1" />
          <FullName>UnknownSpace.Gameplay.Systems.MovementLogic</FullName>
          <Methods>
            <Method visited="true" cyclomaticComplexity="0" nPathComplexity="0" sequenceCoverage="100.0" branchCoverage="0" crapScore="0" isConstructor="false" isStatic="true" isGetter="false" isSetter="false">
              <Summary numSequencePoints="1" visitedSequencePoints="1" numBranchPoints="0" visitedBranchPoints="0" sequenceCoverage="100.0" branchCoverage="0" maxCyclomaticComplexity="0" minCyclomaticComplexity="0" maxCrapScore="0" minCrapScore="0" visitedClasses="0" numClasses="0" visitedMethods="1" numMethods="1" />
              <MetadataToken>100663309</MetadataToken>
              <Name>static UnityEngine.Vector2 UnknownSpace.Gameplay.Systems.MovementLogic::GetMovementDelta(UnityEngine.Vector2, System.Single, System.Single)</Name>
              <FileRef uid="12" />
              <SequencePoints>
                <SequencePoint vc="3" uspid="579" ordinal="0" offset="0" sl="9" sc="4" el="9" ec="4" bec="0" bev="0" fileid="12" />
              </SequencePoints>
              <BranchPoints />
            </Method>
          </Methods>
        </Class>
        <Class>
          <Summary numSequencePoints="17" visitedSequencePoints="17" numBranchPoints="0" visitedBranchPoints="0" sequenceCoverage="100.0" branchCoverage="0.0" maxCyclomaticComplexity="0" minCyclomaticComplexity="0" maxCrapScore="0" minCrapScore="0" visitedClasses="1" numClasses="1" visitedMethods="2" numMethods="2" />
          <FullName>UnknownSpace.Gameplay.Systems.MovementSystem</FullName>
          <Methods>
            <Method visited="true" cyclomaticComplexity="0" nPathComplexity="0" sequenceCoverage="100.0" branchCoverage="0" crapScore="0" isConstructor="false" isStatic="false" isGetter="false" isSetter="false">
              <Summary numSequencePoints="11" visitedSequencePoints="11" numBranchPoints="0" visitedBranchPoints="0" sequenceCoverage="100.0" branchCoverage="0" maxCyclomaticComplexity="0" minCyclomaticComplexity="0" maxCrapScore="0" minCrapScore="0" visitedClasses="0" numClasses="0" visitedMethods="1" numMethods="1" />
              <MetadataToken>100663311</MetadataToken>
              <Name>System.Void UnknownSpace.Gameplay.Systems.MovementSystem::Run()</Name>
              <FileRef uid="13" />
              <SequencePoints>
                <SequencePoint vc="1" uspid="580" ordinal="0" offset="0" sl="19" sc="21" el="19" ec="21" bec="0" bev="0" fileid="13" />
                <SequencePoint vc="1" uspid="581" ordinal="0" offset="1" sl="20" sc="4" el="20" ec="4" bec="0" bev="0" fileid="13" />
                <SequencePoint vc="1" uspid="582" ordinal="0" offset="2" sl="20" sc="25" el="20" ec="25" bec="0" bev="0" fileid="13" />
                <SequencePoint vc="1" uspid="583" ordinal="0" offset="16" sl="20" sc="14" el="20" ec="14" bec="0" bev="0" fileid="13" />
                <SequencePoint vc="1" uspid="584" ordinal="0" offset="24" sl="20" sc="35" el="20" ec="35" bec="0" bev="0" fileid="13" />
                <SequencePoint vc="1" uspid="585" ordinal="0" offset="25" sl="21" sc="5" el="21" ec="5" bec="0" bev="0" fileid="13" />
                <SequencePoint vc="1" uspid="586" ordinal="0" offset="39" sl="22" sc="5" el="22" ec="5" bec="0" bev="0" fileid="13" />
                <SequencePoint vc="1" uspid="587" ordinal="0" offset="58" sl="23" sc="5" el="23" ec="5" bec="0" bev="0" fileid="13" />
                <SequencePoint vc="1" uspid="588" ordinal="0" offset="108" sl="24" sc="4" el="24" ec="4" bec="0" bev="0" fileid="13" />
                <SequencePoint vc="2" uspid="589" ordinal="0" offset="109" sl="20" sc="22" el="20" ec="22" bec="0" bev="0" fileid="13" />
                <SequencePoint vc="1" uspid="590" ordinal="0" offset="135" sl="25" sc="3" el="25" ec="3" bec="0" bev="0" fileid="13" />
              </SequencePoints>
              <BranchPoints />
            </Method>
            <Method visited="true" cyclomaticComplexity="0" nPathComplexity="0" sequenceCoverage="100.0" branchCoverage="0" crapScore="0" isConstructor="true" isStatic="false" isGetter="false" isSetter="false">
              <Summary numSequencePoints="6" visitedSequencePoints="6" numBranchPoints="0" visitedBranchPoints="0" sequenceCoverage="100.0" branchCoverage="0" maxCyclomaticComplexity="0" minCyclomaticComplexity="0" maxCrapScore="0" minCrapScore="0" visitedClasses="0" numClasses="0" visitedMethods="1" numMethods="1" />
              <MetadataToken>100663310</MetadataToken>
              <Name>UnknownSpace.Gameplay.Systems.MovementSystem::MovementSystem(System.Single)</Name>
              <FileRef uid="13" />
              <SequencePoints>
                <SequencePoint vc="1" uspid="591" ordinal="0" offset="0" sl="11" sc="3" el="11" ec="3" bec="0" bev="0" fileid="13" />
                <SequencePoint vc="1" uspid="592" ordinal="0" offset="7" sl="13" sc="3" el="13" ec="3" bec="0" bev="0" fileid="13" />
                <SequencePoint vc="1" uspid="593" ordinal="0" offset="14" sl="15" sc="3" el="15" ec="3" bec="0" bev="0" fileid="13" />
                <SequencePoint vc="1" uspid="594" ordinal="0" offset="21" sl="15" sc="41" el="15" ec="41" bec="0" bev="0" fileid="13" />
                <SequencePoint vc="1" uspid="595" ordinal="0" offset="22" sl="16" sc="4" el="16" ec="4" bec="0" bev="0" fileid="13" />
                <SequencePoint vc="1" uspid="596" ordinal="0" offset="29" sl="17" sc="3" el="17" ec="3" bec="0" bev="0" fileid="13" />
              </SequencePoints>
              <BranchPoints />
            </Method>
          </Methods>
        </Class>
        <Class>
          <Summary numSequencePoints="12" visitedSequencePoints="12" numBranchPoints="0" visitedBranchPoints="0" sequenceCoverage="100.0" branchCoverage="0.0" maxCyclomaticComplexity="0" minCyclomaticComplexity="0" maxCrapScore="0" minCrapScore="0" visitedClasses="1" numClasses="1" visitedMethods="2" numMethods="2" />
          <FullName>UnknownSpace.Gameplay.Systems.PlayerMovementSystem</FullName>
          <Methods>
            <Method visited="true" cyclomaticComplexity="0" nPathComplexity="0" sequenceCoverage="100.0" branchCoverage="0" crapScore="0" isConstructor="false" isStatic="false" isGetter="false" isSetter="false">
              <Summary numSequencePoints="11" visitedSequencePoints="11" numBranchPoints="0" visitedBranchPoints="0" sequenceCoverage="100.0" branchCoverage="0" maxCyclomaticComplexity="0" minCyclomaticComplexity="0" maxCrapScore="0" minCrapScore="0" visitedClasses="0" numClasses="0" visitedMethods="1" numMethods="1" />
              <MetadataToken>100663312</MetadataToken>
              <Name>System.Void UnknownSpace.Gameplay.Systems.PlayerMovementSystem::Run()</Name>
              <FileRef uid="14" />
              <SequencePoints>
                <SequencePoint vc="1" uspid="597" ordinal="0" offset="0" sl="11" sc="21" el="11" ec="21" bec="0" bev="0" fileid="14" />
                <SequencePoint vc="1" uspid="598" ordinal="0" offset="1" sl="12" sc="4" el="12" ec="4" bec="0" bev="0" fileid="14" />
                <SequencePoint vc="1" uspid="599" ordinal="0" offset="2" sl="12" sc="25" el="12" ec="25" bec="0" bev="0" fileid="14" />
                <SequencePoint vc="1" uspid="600" ordinal="0" offset="16" sl="12" sc="14" el="12" ec="14" bec="0" bev="0" fileid="14" />
                <SequencePoint vc="1" uspid="601" ordinal="0" offset="24" sl="12" sc="35" el="12" ec="35" bec="0" bev="0" fileid="14" />
                <SequencePoint vc="1" uspid="602" ordinal="0" offset="25" sl="13" sc="5" el="13" ec="5" bec="0" bev="0" fileid="14" />
                <SequencePoint vc="1" uspid="603" ordinal="0" offset="44" sl="14" sc="5" el="14" ec="5" bec="0" bev="0" fileid="14" />
                <SequencePoint vc="1" uspid="604" ordinal="0" offset="52" sl="15" sc="5" el="15" ec="5" bec="0" bev="0" fileid="14" />
                <SequencePoint vc="1" uspid="605" ordinal="0" offset="76" sl="16" sc="4" el="16" ec="4" bec="0" bev="0" fileid="14" />
                <SequencePoint vc="2" uspid="606" ordinal="0" offset="77" sl="12" sc="22" el="12" ec="22" bec="0" bev="0" fileid="14" />
                <SequencePoint vc="1" uspid="607" ordinal="0" offset="103" sl="17" sc="3" el="17" ec="3" bec="0" bev="0" fileid="14" />
              </SequencePoints>
              <BranchPoints />
            </Method>
            <Method visited="true" cyclomaticComplexity="0" nPathComplexity="0" sequenceCoverage="100.0" branchCoverage="0" crapScore="0" isConstructor="true" isStatic="false" isGetter="false" isSetter="false">
              <Summary numSequencePoints="1" visitedSequencePoints="1" numBranchPoints="0" visitedBranchPoints="0" sequenceCoverage="100.0" branchCoverage="0" maxCyclomaticComplexity="0" minCyclomaticComplexity="0" maxCrapScore="0" minCrapScore="0" visitedClasses="0" numClasses="0" visitedMethods="1" numMethods="1" />
              <MetadataToken>100663313</MetadataToken>
              <Name>UnknownSpace.Gameplay.Systems.PlayerMovementSystem::PlayerMovementSystem()</Name>
              <FileRef uid="14" />
              <SequencePoints>
                <SequencePoint vc="1" uspid="608" ordinal="0" offset="0" sl="9" sc="3" el="9" ec="3" bec="0" bev="0" fileid="14" />
              </SequencePoints>
              <BranchPoints />
            </Method>
          </Methods>
        </Class>
        <Class>
          <Summary numSequencePoints="36" visitedSequencePoints="36" numBranchPoints="0" visitedBranchPoints="0" sequenceCoverage="100.0" branchCoverage="0.0" maxCyclomaticComplexity="0" minCyclomaticComplexity="0" maxCrapScore="0" minCrapScore="0" visitedClasses="1" numClasses="1" visitedMethods="10" numMethods="10" />
          <FullName>UnknownSpace.Gameplay.Systems.SetSpawnPointSystem</FullName>
          <Methods>
            <Method visited="true" cyclomaticComplexity="0" nPathComplexity="0" sequenceCoverage="100.0" branchCoverage="0" crapScore="0" isConstructor="false" isStatic="false" isGetter="false" isSetter="false">
              <Summary numSequencePoints="6" visitedSequencePoints="6" numBranchPoints="0" visitedBranchPoints="0" sequenceCoverage="100.0" branchCoverage="0" maxCyclomaticComplexity="0" minCyclomaticComplexity="0" maxCrapScore="0" minCrapScore="0" visitedClasses="0" numClasses="0" visitedMethods="1" numMethods="1" />
              <MetadataToken>100663315</MetadataToken>
              <Name>System.Void UnknownSpace.Gameplay.Systems.SetSpawnPointSystem::Init()</Name>
              <FileRef uid="15" />
              <SequencePoints>
                <SequencePoint vc="2" uspid="609" ordinal="0" offset="0" sl="26" sc="22" el="26" ec="22" bec="0" bev="0" fileid="15" />
                <SequencePoint vc="2" uspid="610" ordinal="0" offset="1" sl="27" sc="4" el="27" ec="4" bec="0" bev="0" fileid="15" />
                <SequencePoint vc="2" uspid="611" ordinal="0" offset="33" sl="28" sc="4" el="28" ec="4" bec="0" bev="0" fileid="15" />
                <SequencePoint vc="2" uspid="612" ordinal="0" offset="65" sl="29" sc="4" el="29" ec="4" bec="0" bev="0" fileid="15" />
                <SequencePoint vc="2" uspid="613" ordinal="0" offset="97" sl="30" sc="4" el="30" ec="4" bec="0" bev="0" fileid="15" />
                <SequencePoint vc="2" uspid="614" ordinal="0" offset="129" sl="31" sc="3" el="31" ec="3" bec="0" bev="0" fileid="15" />
              </SequencePoints>
              <BranchPoints />
            </Method>
[...]
                <SequencePoint vc="1" uspid="693" ordinal="0" offset="63" sl="15" sc="5" el="15" ec="5" bec="0" bev="0" fileid="18" />
                <SequencePoint vc="1" uspid="694" ordinal="0" offset="72" sl="16" sc="5" el="16" ec="5" bec="0" bev="0" fileid="18" />
                <SequencePoint vc="1" uspid="695" ordinal="0" offset="85" sl="17" sc="4" el="17" ec="4" bec="0" bev="0" fileid="18" />
                <SequencePoint vc="2" uspid="696" ordinal="0" offset="86" sl="12" sc="22" el="12" ec="22" bec="0" bev="0" fileid="18" />
                <SequencePoint vc="1" uspid="697" ordinal="0" offset="112" sl="18" sc="3" el="18" ec="3" bec="0" bev="0" fileid="18" />
              </SequencePoints>
              <BranchPoints />
            </Method>
            <Method visited="true" cyclomaticComplexity="0" nPathComplexity="0" sequenceCoverage="100.0" branchCoverage="0" crapScore="0" isConstructor="true" isStatic="false" isGetter="false" isSetter="false">
              <Summary numSequencePoints="1" visitedSequencePoints="1" numBranchPoints="0" visitedBranchPoints="0" sequenceCoverage="100.0" branchCoverage="0" maxCyclomaticComplexity="0" minCyclomaticComplexity="0" maxCrapScore="0" minCrapScore="0" visitedClasses="0" numClasses="0" visitedMethods="1" numMethods="1" />
              <MetadataToken>100663330</MetadataToken>
              <Name>UnknownSpace.Gameplay.Systems.SteadyMovementSystem::SteadyMovementSystem()</Name>
              <FileRef uid="18" />
              <SequencePoints>
                <SequencePoint vc="1" uspid="698" ordinal="0" offset="0" sl="9" sc="3" el="9" ec="3" bec="0" bev="0" fileid="18" />
              </SequencePoints>
              <BranchPoints />
            </Method>
          </Methods>
        </Class>
        <Class>
          <Summary numSequencePoints="2" visitedSequencePoints="2" numBranchPoints="0" visitedBranchPoints="0" sequenceCoverage="100.0" branchCoverage="0.0" maxCyclomaticComplexity="0" minCyclomaticComplexity="0" maxCrapScore="0" minCrapScore="0" visitedClasses="1" numClasses="1" visitedMethods="2" numMethods="2" />
          <FullName>UnknownSpace.Gameplay.Systems.TimeData</FullName>
          <Methods>
            <Method visited="true" cyclomaticComplexity="0" nPathComplexity="0" sequenceCoverage="100.0" branchCoverage="0" crapScore="0" isConstructor="false" isStatic="false" isGetter="true" isSetter="false">
              <Summary numSequencePoints="1" visitedSequencePoints="1" numBranchPoints="0" visitedBranchPoints="0" sequenceCoverage="100.0" branchCoverage="0" maxCyclomaticComplexity="0" minCyclomaticComplexity="0" maxCrapScore="0" minCrapScore="0" visitedClasses="0" numClasses="0" visitedMethods="1" numMethods="1" />
              <MetadataToken>100663331</MetadataToken>
              <Name>System.Single UnknownSpace.Gameplay.Systems.TimeData::get_DeltaTime()</Name>
              <FileRef uid="19" />
              <SequencePoints>
                <SequencePoint vc="5" uspid="699" ordinal="0" offset="0" sl="3" sc="28" el="3" ec="28" bec="0" bev="0" fileid="19" />
              </SequencePoints>
              <BranchPoints />
            </Method>
            <Method visited="true" cyclomaticComplexity="0" nPathComplexity="0" sequenceCoverage="100.0" branchCoverage="0" crapScore="0" isConstructor="false" isStatic="false" isGetter="false" isSetter="true">
              <Summary numSequencePoints="1" visitedSequencePoints="1" numBranchPoints="0" visitedBranchPoints="0" sequenceCoverage="100.0" branchCoverage="0" maxCyclomaticComplexity="0" minCyclomaticComplexity="0" maxCrapScore="0" minCrapScore="0" visitedClasses="0" numClasses="0" visitedMethods="1" numMethods="1" />
              <MetadataToken>100663332</MetadataToken>
              <Name>System.Void UnknownSpace.Gameplay.Systems.TimeData::set_DeltaTime(System.Single)</Name>
              <FileRef uid="19" />
              <SequencePoints>
                <SequencePoint vc="5" uspid="700" ordinal="0" offset="0" sl="3" sc="33" el="3" ec="33" bec="0" bev="0" fileid="19" />
              </SequencePoints>
              <BranchPoints />
            </Method>
          </Methods>
        </Class>
        <Class>
          <Summary numSequencePoints="4" visitedSequencePoints="4" numBranchPoints="0" visitedBranchPoints="0" sequenceCoverage="100.0" branchCoverage="0.0" maxCyclomaticComplexity="0" minCyclomaticComplexity="0" maxCrapScore="0" minCrapScore="0" visitedClasses="1" numClasses="1" visitedMethods="2" numMethods="2" />
          <FullName>UnknownSpace.Gameplay.Systems.TimeProviderSystem</FullName>
          <Methods>
            <Method visited="true" cyclomaticComplexity="0" nPathComplexity="0" sequenceCoverage="100.0" branchCoverage="0" crapScore="0" isConstructor="false" isStatic="false" isGetter="false" isSetter="false">
              <Summary numSequencePoints="3" visitedSequencePoints="3" numBranchPoints="0" visitedBranchPoints="0" sequenceCoverage="100.0" branchCoverage="0" maxCyclomaticComplexity="0" minCyclomaticComplexity="0" maxCrapScore="0" minCrapScore="0" visitedClasses="0" numClasses="0" visitedMethods="1" numMethods="1" />
              <MetadataToken>100663334</MetadataToken>
              <Name>System.Void UnknownSpace.Gameplay.Systems.TimeProviderSystem::Run()</Name>
              <FileRef uid="20" />
              <SequencePoints>
                <SequencePoint vc="1" uspid="701" ordinal="0" offset="0" sl="8" sc="21" el="8" ec="21" bec="0" bev="0" fileid="20" />
                <SequencePoint vc="1" uspid="702" ordinal="0" offset="1" sl="9" sc="4" el="9" ec="4" bec="0" bev="0" fileid="20" />
                <SequencePoint vc="1" uspid="703" ordinal="0" offset="18" sl="10" sc="3" el="10" ec="3" bec="0" bev="0" fileid="20" />
              </SequencePoints>
              <BranchPoints />
            </Method>
            <Method visited="true" cyclomaticComplexity="0" nPathComplexity="0" sequenceCoverage="100.0" branchCoverage="0" crapScore="0" isConstructor="true" isStatic="false" isGetter="false" isSetter="false">
              <Summary numSequencePoints="1" visitedSequencePoints="1" numBranchPoints="0" visitedBranchPoints="0" sequenceCoverage="100.0" branchCoverage="0" maxCyclomaticComplexity="0" minCyclomaticComplexity="0" maxCrapScore="0" minCrapScore="0" visitedClasses="0" numClasses="0" visitedMethods="1" numMethods="1" />
              <MetadataToken>100663335</MetadataToken>
              <Name>UnknownSpace.Gameplay.Systems.TimeProviderSystem::TimeProviderSystem()</Name>
              <FileRef uid="20" />
              <SequencePoints>
                <SequencePoint vc="1" uspid="704" ordinal="0" offset="0" sl="6" sc="3" el="6" ec="3" bec="0" bev="0" fileid="20" />
              </SequencePoints>
              <BranchPoints />
            </Method>
          </Methods>
        </Class>
      </Classes>
    </Module>
    <Module>
      <Summary numSequencePoints="20" visitedSequencePoints="0" numBranchPoints="0" visitedBranchPoints="0" sequenceCoverage="0.0" branchCoverage="0.0" maxCyclomaticComplexity="0" minCyclomaticComplexity="0" maxCrapScore="0" minCrapScore="0" visitedClasses="0" numClasses="2" visitedMethods="0" numMethods="6" />
      <ModuleTime>0001-01-01T00:00:00</ModuleTime>
      <ModuleName>Gameplay.Input</ModuleName>
      <Files>
        <File uid="21" fullPath="/Volumes/Transcend/Projects/ThirdParty/UnknownSpace/UnityClient/Assets/Scripts/Gameplay/Input/InputProvider.cs" />
      </Files>
      <Classes>
        <Class>
          <Summary numSequencePoints="19" visitedSequencePoints="0" numBranchPoints="0" visitedBranchPoints="0" sequenceCoverage="0.0" branchCoverage="0.0" maxCyclomaticComplexity="0" minCyclomaticComplexity="0" maxCrapScore="0" minCrapScore="0" visitedClasses="0" numClasses="1" visitedMethods="0" numMethods="5" />
          <FullName>UnknownSpace.Gameplay.Input.InputProvider</FullName>
          <Methods>
            <Method visited="false" cyclomaticComplexity="0" nPathComplexity="0" sequenceCoverage="0.0" branchCoverage="0" crapScore="0" isConstructor="false" isStatic="false" isGetter="false" isSetter="false">
              <Summary numSequencePoints="4" visitedSequencePoints="0" numBranchPoints="0" visitedBranchPoints="0" sequenceCoverage="0.0" branchCoverage="0" maxCyclomaticComplexity="0" minCyclomaticComplexity="0" maxCrapScore="0" minCrapScore="0" visitedClasses="0" numClasses="0" visitedMethods="0" numMethods="1" />
              <MetadataToken>100663297</MetadataToken>
              <Name>System.Void UnknownSpace.Gameplay.Input.InputProvider::Awake()</Name>
              <FileRef uid="21" />
              <SequencePoints>
                <SequencePoint vc="0" uspid="705" ordinal="0" offset="0" sl="15" sc="16" el="15" ec="16" bec="0" bev="0" fileid="21" />
                <SequencePoint vc="0" uspid="706" ordinal="0" offset="1" sl="16" sc="4" el="16" ec="4" bec="0" bev="0" fileid="21" />
                <SequencePoint vc="0" uspid="707" ordinal="0" offset="8" sl="17" sc="4" el="17" ec="4" bec="0" bev="0" fileid="21" />
                <SequencePoint vc="0" uspid="708" ordinal="0" offset="56" sl="18" sc="3" el="18" ec="3" bec="0" bev="0" fileid="21" />
              </SequencePoints>
              <BranchPoints />
            </Method>
            <Method visited="false" cyclomaticComplexity="0" nPathComplexity="0" sequenceCoverage="0.0" branchCoverage="0" crapScore="0" isConstructor="false" isStatic="false" isGetter="false" isSetter="false">
              <Summary numSequencePoints="4" visitedSequencePoints="0" numBranchPoints="0" visitedBranchPoints="0" sequenceCoverage="0.0" branchCoverage="0" maxCyclomaticComplexity="0" minCyclomaticComplexity="0" maxCrapScore="0" minCrapScore="0" visitedClasses="0" numClasses="0" visitedMethods="0" numMethods="1" />
              <MetadataToken>100663298</MetadataToken>
              <Name>System.Void UnknownSpace.Gameplay.Input.InputProvider::Update()</Name>
              <FileRef uid="21" />
              <SequencePoints>
                <SequencePoint vc="0" uspid="709" ordinal="0" offset="0" sl="20" sc="17" el="20" ec="17" bec="0" bev="0" fileid="21" />
                <SequencePoint vc="0" uspid="710" ordinal="0" offset="1" sl="21" sc="4" el="21" ec="4" bec="0" bev="0" fileid="21" />
                <SequencePoint vc="0" uspid="711" ordinal="0" offset="13" sl="22" sc="4" el="22" ec="4" bec="0" bev="0" fileid="21" />
                <SequencePoint vc="0" uspid="712" ordinal="0" offset="30" sl="23" sc="3" el="23" ec="3" bec="0" bev="0" fileid="21" />
              </SequencePoints>
              <BranchPoints />
            </Method>
            <Method visited="false" cyclomaticComplexity="0" nPathComplexity="0" sequenceCoverage="0.0" branchCoverage="0" crapScore="0" isConstructor="false" isStatic="false" isGetter="false" isSetter="false">
              <Summary numSequencePoints="3" visitedSequencePoints="0" numBranchPoints="0" visitedBranchPoints="0" sequenceCoverage="0.0" branchCoverage="0" maxCyclomaticComplexity="0" minCyclomaticComplexity="0" maxCrapScore="0" minCrapScore="0" visitedClasses="0" numClasses="0" visitedMethods="0" numMethods="1" />
              <MetadataToken>100663299</MetadataToken>
              <Name>System.Void UnknownSpace.Gameplay.Input.InputProvider::Init(Leopotam.Ecs.EcsEntity)</Name>
              <FileRef uid="21" />
              <SequencePoints>
                <SequencePoint vc="0" uspid="713" ordinal="0" offset="0" sl="25" sc="38" el="25" ec="38" bec="0" bev="0" fileid="21" />
                <SequencePoint vc="0" uspid="714" ordinal="0" offset="1" sl="26" sc="4" el="26" ec="4" bec="0" bev="0" fileid="21" />
                <SequencePoint vc="0" uspid="715" ordinal="0" offset="8" sl="27" sc="3" el="27" ec="3" bec="0" bev="0" fileid="21" />
              </SequencePoints>
              <BranchPoints />
            </Method>
            <Method visited="false" cyclomaticComplexity="0" nPathComplexity="0" sequenceCoverage="0.0" branchCoverage="0" crapScore="0" isConstructor="false" isStatic="false" isGetter="false" isSetter="false">
              <Summary numSequencePoints="2" visitedSequencePoints="0" numBranchPoints="0" visitedBranchPoints="0" sequenceCoverage="0.0" branchCoverage="0" maxCyclomaticComplexity="0" minCyclomaticComplexity="0" maxCrapScore="0" minCrapScore="0" visitedClasses="0" numClasses="0" visitedMethods="0" numMethods="1" />
              <MetadataToken>100663300</MetadataToken>
              <Name>System.Void UnknownSpace.Gameplay.Input.InputProvider::OnMove(UnityEngine.InputSystem.InputAction/CallbackContext)</Name>
              <FileRef uid="21" />
              <SequencePoints>
                <SequencePoint vc="0" uspid="716" ordinal="0" offset="0" sl="29" sc="0" el="29" ec="0" bec="0" bev="0" fileid="21" />
                <SequencePoint vc="0" uspid="717" ordinal="0" offset="1" sl="31" sc="0" el="31" ec="0" bec="0" bev="0" fileid="21" />
              </SequencePoints>
              <BranchPoints />
            </Method>
            <Method visited="false" cyclomaticComplexity="0" nPathComplexity="0" sequenceCoverage="0.0" branchCoverage="0" crapScore="0" isConstructor="false" isStatic="false" isGetter="false" isSetter="false">
              <Summary numSequencePoints="6" visitedSequencePoints="0" numBranchPoints="0" visitedBranchPoints="0" sequenceCoverage="0.0" branchCoverage="0" maxCyclomaticComplexity="0" minCyclomaticComplexity="0" maxCrapScore="0" minCrapScore="0" visitedClasses="0" numClasses="0" visitedMethods="0" numMethods="1" />
              <MetadataToken>100663301</MetadataToken>
              <Name>System.Void UnknownSpace.Gameplay.Input.InputProvider::OnFire(UnityEngine.InputSystem.InputAction/CallbackContext)</Name>
              <FileRef uid="21" />
              <SequencePoints>
                <SequencePoint vc="0" uspid="718" ordinal="0" offset="0" sl="33" sc="59" el="33" ec="59" bec="0" bev="0" fileid="21" />
                <SequencePoint vc="0" uspid="719" ordinal="0" offset="1" sl="34" sc="4" el="34" ec="4" bec="0" bev="0" fileid="21" />
                <SequencePoint vc="0" uspid="720" ordinal="0" offset="12" sl="34" sc="29" el="34" ec="29" bec="0" bev="0" fileid="21" />
                <SequencePoint vc="0" uspid="721" ordinal="0" offset="13" sl="35" sc="5" el="35" ec="5" bec="0" bev="0" fileid="21" />
                <SequencePoint vc="0" uspid="722" ordinal="0" offset="25" sl="36" sc="4" el="36" ec="4" bec="0" bev="0" fileid="21" />
                <SequencePoint vc="0" uspid="723" ordinal="0" offset="26" sl="37" sc="3" el="37" ec="3" bec="0" bev="0" fileid="21" />
              </SequencePoints>
              <BranchPoints />
            </Method>
          </Methods>
        </Class>
        <Class>
          <Summary numSequencePoints="1" visitedSequencePoints="0" numBranchPoints="0" visitedBranchPoints="0" sequenceCoverage="0.0" branchCoverage="0.0" maxCyclomaticComplexity="0" minCyclomaticComplexity="0" maxCrapScore="0" minCrapScore="0" visitedClasses="0" numClasses="1" visitedMethods="0" numMethods="1" />
          <FullName>UnknownSpace.Gameplay.Input.InputProvider/&lt;&gt;c</FullName>
          <Methods>
            <Method visited="false" cyclomaticComplexity="0" nPathComplexity="0" sequenceCoverage="0.0" branchCoverage="0" crapScore="0" isConstructor="false" isStatic="false" isGetter="false" isSetter="false">
              <Summary numSequencePoints="1" visitedSequencePoints="0" numBranchPoints="0" visitedBranchPoints="0" sequenceCoverage="0.0" branchCoverage="0" maxCyclomaticComplexity="0" minCyclomaticComplexity="0" maxCrapScore="0" minCrapScore="0" visitedClasses="0" numClasses="0" visitedMethods="0" numMethods="1" />
              <MetadataToken>100663305</MetadataToken>
              <Name>System.Boolean UnknownSpace.Gameplay.Input.InputProvider/&lt;&gt;c::&lt;Awake&gt;b__2_0(UnityEngine.InputSystem.InputAction)</Name>
              <FileRef uid="21" />
              <SequencePoints>
                <SequencePoint vc="0" uspid="724" ordinal="0" offset="0" sl="17" sc="43" el="17" ec="43" bec="0" bev="0" fileid="21" />
              </SequencePoints>
              <BranchPoints />
            </Method>
          </Methods>
        </Class>
      </Classes>
    </Module>
    <Module>
      <Summary numSequencePoints="6" visitedSequencePoints="0" numBranchPoints="0" visitedBranchPoints="0" sequenceCoverage="0.0" branchCoverage="0.0" maxCyclomaticComplexity="0" minCyclomaticComplexity="0" maxCrapScore="0" minCrapScore="0" visitedClasses="0" numClasses="1" visitedMethods="0" numMethods="2" />
      <ModuleTime>0001-01-01T00:00:00</ModuleTime>
      <ModuleName>View</ModuleName>
      <Files>
        <File uid="22" fullPath="/Volumes/Transcend/Projects/ThirdParty/UnknownSpace/UnityClient/Assets/Scripts/View/ProjectVersionView.cs" />
      </Files>
      <Classes>
        <Class>
          <Summary numSequencePoints="6" visitedSequencePoints="0" numBranchPoints="0" visitedBranchPoints="0" sequenceCoverage="0.0" branchCoverage="0.0" maxCyclomaticComplexity="0" minCyclomaticComplexity="0" maxCrapScore="0" minCrapScore="0" visitedClasses="0" numClasses="1" visitedMethods="0" numMethods="2" />
          <FullName>UnknownSpace.View.ProjectVersionView</FullName>
          <Methods>
            <Method visited="false" cyclomaticComplexity="0" nPathComplexity="0" sequenceCoverage="0.0" branchCoverage="0" crapScore="0" isConstructor="false" isStatic="false" isGetter="false" isSetter="false">
              <Summary numSequencePoints="3" visitedSequencePoints="0" numBranchPoints="0" visitedBranchPoints="0" sequenceCoverage="0.0" branchCoverage="0" maxCyclomaticComplexity="0" minCyclomaticComplexity="0" maxCrapScore="0" minCrapScore="0" visitedClasses="0" numClasses="0" visitedMethods="0" numMethods="1" />
              <MetadataToken>100663297</MetadataToken>
              <Name>System.Void UnknownSpace.View.ProjectVersionView::Reset()</Name>
              <FileRef uid="22" />
              <SequencePoints>
                <SequencePoint vc="0" uspid="725" ordinal="0" offset="0" sl="9" sc="0" el="9" ec="0" bec="0" bev="0" fileid="22" />
                <SequencePoint vc="0" uspid="726" ordinal="0" offset="1" sl="10" sc="0" el="10" ec="0" bec="0" bev="0" fileid="22" />
                <SequencePoint vc="0" uspid="727" ordinal="0" offset="13" sl="11" sc="0" el="11" ec="0" bec="0" bev="0" fileid="22" />
              </SequencePoints>
              <BranchPoints />
            </Method>
            <Method visited="false" cyclomaticComplexity="0" nPathComplexity="0" sequenceCoverage="0.0" branchCoverage="0" crapScore="0" isConstructor="false" isStatic="false" isGetter="false" isSetter="false">
              <Summary numSequencePoints="3" visitedSequencePoints="0" numBranchPoints="0" visitedBranchPoints="0" sequenceCoverage="0.0" branchCoverage="0" maxCyclomaticComplexity="0" minCyclomaticComplexity="0" maxCrapScore="0" minCrapScore="0" visitedClasses="0" numClasses="0" visitedMethods="0" numMethods="1" />
              <MetadataToken>100663298</MetadataToken>
              <Name>System.Void UnknownSpace.View.ProjectVersionView::Start()</Name>
              <FileRef uid="22" />
              <SequencePoints>
                <SequencePoint vc="0" uspid="728" ordinal="0" offset="0" sl="13" sc="16" el="13" ec="16" bec="0" bev="0" fileid="22" />
                <SequencePoint vc="0" uspid="729" ordinal="0" offset="1" sl="14" sc="4" el="14" ec="4" bec="0" bev="0" fileid="22" />
                <SequencePoint vc="0" uspid="730" ordinal="0" offset="18" sl="15" sc="3" el="15" ec="3" bec="0" bev="0" fileid="22" />
              </SequencePoints>
              <BranchPoints />
            </Method>
          </Methods>
        </Class>
      </Classes>
    </Module>
  </Modules>
</CoverageSession>